log started: Wed Jul 10 17:34:59 2024

Log file: ./leap.log
>> #
>> # ----- leaprc for loading the ff14SB force field
>> # ----- NOTE: this is designed for PDB format 3!
>> #
>> #	load atom type hybridizations
>> #
>> addAtomTypes {
>> 	{ "H"   "H" "sp3" }
>> 	{ "HO"  "H" "sp3" }
>> 	{ "HS"  "H" "sp3" }
>> 	{ "H1"  "H" "sp3" }
>> 	{ "H2"  "H" "sp3" }
>> 	{ "H3"  "H" "sp3" }
>> 	{ "H4"  "H" "sp3" }
>> 	{ "H5"  "H" "sp3" }
>> 	{ "HW"  "H" "sp3" }
>> 	{ "HC"  "H" "sp3" }
>> 	{ "HA"  "H" "sp3" }
>> 	{ "HP"  "H" "sp3" }
>> 	{ "HZ"  "H" "sp3" }
>> 	{ "OH"  "O" "sp3" }
>> 	{ "OS"  "O" "sp3" }
>> 	{ "O"   "O" "sp2" }
>> 	{ "O2"  "O" "sp2" }
>> 	{ "OP"  "O" "sp2" }
>> 	{ "OW"  "O" "sp3" }
>> 	{ "CT"  "C" "sp3" }
>> 	{ "CX"  "C" "sp3" }
>> 	{ "C8"  "C" "sp3" }
>> 	{ "2C"  "C" "sp3" }
>> 	{ "3C"  "C" "sp3" }
>> 	{ "CH"  "C" "sp3" }
>> 	{ "CS"  "C" "sp2" }
>> 	{ "C"   "C" "sp2" }
>> 	{ "CO"   "C" "sp2" }
>> 	{ "C*"  "C" "sp2" }
>> 	{ "CA"  "C" "sp2" }
>> 	{ "CB"  "C" "sp2" }
>> 	{ "CC"  "C" "sp2" }
>> 	{ "CN"  "C" "sp2" }
>> 	{ "CM"  "C" "sp2" }
>> 	{ "CK"  "C" "sp2" }
>> 	{ "CQ"  "C" "sp2" }
>> 	{ "CD"  "C" "sp2" }
>> 	{ "C5"  "C" "sp2" }
>> 	{ "C4"  "C" "sp2" }
>> 	{ "CP"  "C" "sp2" }
>> 	{ "CI"  "C" "sp3" }
>> 	{ "CJ"  "C" "sp2" }
>> 	{ "CW"  "C" "sp2" }
>> 	{ "CV"  "C" "sp2" }
>> 	{ "CR"  "C" "sp2" }
>> 	{ "CA"  "C" "sp2" }
>> 	{ "CY"  "C" "sp2" }
>> 	{ "C0"  "Ca" "sp3" }
>> 	{ "MG"  "Mg" "sp3" }
>> 	{ "N"   "N" "sp2" }
>> 	{ "NA"  "N" "sp2" }
>> 	{ "N2"  "N" "sp2" }
>> 	{ "N*"  "N" "sp2" }
>> 	{ "NP"  "N" "sp2" }
>> 	{ "NQ"  "N" "sp2" }
>> 	{ "NB"  "N" "sp2" }
>> 	{ "NC"  "N" "sp2" }
>> 	{ "NT"  "N" "sp3" }
>> 	{ "NY"  "N" "sp2" }
>> 	{ "N3"  "N" "sp3" }
>> 	{ "S"   "S" "sp3" }
>> 	{ "SH"  "S" "sp3" }
>> 	{ "P"   "P" "sp3" }
>> 	{ "LP"  ""  "sp3" }
>> 	{ "EP"  ""  "sp3" }
>> 	{ "F"   "F" "sp3" }
>> 	{ "Cl"  "Cl" "sp3" }
>> 	{ "Br"  "Br" "sp3" }
>> 	{ "I"   "I"  "sp3" }
>> }
>> #
>> #	Load the main parameter set.
>> #
>> parm10 = loadamberparams parm10.dat
Loading parameters: /home/ron/miniconda3/envs/AmberTools23/dat/leap/parm/parm10.dat
Reading title:
PARM99 + frcmod.ff99SB + frcmod.parmbsc0 + OL3 for RNA
>> frcmod14SB = loadamberparams frcmod.ff14SB
Loading parameters: /home/ron/miniconda3/envs/AmberTools23/dat/leap/parm/frcmod.ff14SB
Reading force field modification type file (frcmod)
Reading title:
ff14SB protein backbone and sidechain parameters
>> #
>> #	Load main chain and terminating amino acid libraries
>> #
>> loadOff amino12.lib
Loading library: /home/ron/miniconda3/envs/AmberTools23/dat/leap/lib/amino12.lib
Loading: ALA
Loading: ARG
Loading: ASH
Loading: ASN
Loading: ASP
Loading: CYM
Loading: CYS
Loading: CYX
Loading: GLH
Loading: GLN
Loading: GLU
Loading: GLY
Loading: HID
Loading: HIE
Loading: HIP
Loading: HYP
Loading: ILE
Loading: LEU
Loading: LYN
Loading: LYS
Loading: MET
Loading: PHE
Loading: PRO
Loading: SER
Loading: THR
Loading: TRP
Loading: TYR
Loading: VAL
>> loadOff aminoct12.lib
Loading library: /home/ron/miniconda3/envs/AmberTools23/dat/leap/lib/aminoct12.lib
Loading: CALA
Loading: CARG
Loading: CASN
Loading: CASP
Loading: CCYS
Loading: CCYX
Loading: CGLN
Loading: CGLU
Loading: CGLY
Loading: CHID
Loading: CHIE
Loading: CHIP
Loading: CHYP
Loading: CILE
Loading: CLEU
Loading: CLYS
Loading: CMET
Loading: CPHE
Loading: CPRO
Loading: CSER
Loading: CTHR
Loading: CTRP
Loading: CTYR
Loading: CVAL
Loading: NHE
Loading: NME
>> loadOff aminont12.lib
Loading library: /home/ron/miniconda3/envs/AmberTools23/dat/leap/lib/aminont12.lib
Loading: ACE
Loading: NALA
Loading: NARG
Loading: NASN
Loading: NASP
Loading: NCYS
Loading: NCYX
Loading: NGLN
Loading: NGLU
Loading: NGLY
Loading: NHID
Loading: NHIE
Loading: NHIP
Loading: NILE
Loading: NLEU
Loading: NLYS
Loading: NMET
Loading: NPHE
Loading: NPRO
Loading: NSER
Loading: NTHR
Loading: NTRP
Loading: NTYR
Loading: NVAL
>> 
>> #
>> #	Define the PDB name map for the amino acids
>> #
>> addPdbResMap {
>>   { 0 "HYP" "HYP" } { 1 "HYP" "CHYP" }
>>   { 0 "ALA" "NALA" } { 1 "ALA" "CALA" }
>>   { 0 "ARG" "NARG" } { 1 "ARG" "CARG" }
>>   { 0 "ASN" "NASN" } { 1 "ASN" "CASN" }
>>   { 0 "ASP" "NASP" } { 1 "ASP" "CASP" }
>>   { 0 "CYS" "NCYS" } { 1 "CYS" "CCYS" }
>>   { 0 "CYX" "NCYX" } { 1 "CYX" "CCYX" }
>>   { 0 "GLN" "NGLN" } { 1 "GLN" "CGLN" }
>>   { 0 "GLU" "NGLU" } { 1 "GLU" "CGLU" }
>>   { 0 "GLY" "NGLY" } { 1 "GLY" "CGLY" }
>>   { 0 "HID" "NHID" } { 1 "HID" "CHID" }
>>   { 0 "HIE" "NHIE" } { 1 "HIE" "CHIE" }
>>   { 0 "HIP" "NHIP" } { 1 "HIP" "CHIP" }
>>   { 0 "ILE" "NILE" } { 1 "ILE" "CILE" }
>>   { 0 "LEU" "NLEU" } { 1 "LEU" "CLEU" }
>>   { 0 "LYS" "NLYS" } { 1 "LYS" "CLYS" }
>>   { 0 "MET" "NMET" } { 1 "MET" "CMET" }
>>   { 0 "PHE" "NPHE" } { 1 "PHE" "CPHE" }
>>   { 0 "PRO" "NPRO" } { 1 "PRO" "CPRO" }
>>   { 0 "SER" "NSER" } { 1 "SER" "CSER" }
>>   { 0 "THR" "NTHR" } { 1 "THR" "CTHR" }
>>   { 0 "TRP" "NTRP" } { 1 "TRP" "CTRP" }
>>   { 0 "TYR" "NTYR" } { 1 "TYR" "CTYR" }
>>   { 0 "VAL" "NVAL" } { 1 "VAL" "CVAL" }
>>   { 0 "HIS" "NHIS" } { 1 "HIS" "CHIS" }
>> }
>> 
>> #
>> # assume that most often proteins use HIE
>> #
>> NHIS = NHIE
>> HIS = HIE
>> CHIS = CHIE
> 
>     source /home/ron/miniconda3/envs/AmberTools23/dat/leap/cmd/leaprc.water.tip3p
----- Source: /home/ron/miniconda3/envs/AmberTools23/dat/leap/cmd/leaprc.water.tip3p
----- Source of /home/ron/miniconda3/envs/AmberTools23/dat/leap/cmd/leaprc.water.tip3p done
>> #
>> #       Load water and ions for TIP3P + Li/Merz monovalent ions 
>> #       + Joung-Chetham monovalent ions
>> #       + Li/Merz highly charged ions (+2 to +4, 12-6 normal usage set)
>> #
>> #       Note: the Li/Merz monovalent set is loaded only to get Tl+,
>> #          Cu+, Ag+ NH4+, H3O+.  Since we load Joung-Cheatham second,
>> #          the alkali halide parameters come from the Joung-Cheatham set
>> #
>> addAtomTypes {
>> 	{ "HW"  "H" "sp3" }
>> 	{ "OW"  "O" "sp3" }
>> 	{ "F-"   "F" "sp3" }
>> 	{ "Cl-"  "Cl" "sp3" }
>> 	{ "Br-"  "Br" "sp3" }
>> 	{ "I-"   "I"  "sp3" }
>> 	{ "Li+"  "Li"  "sp3" }
>> 	{ "Na+"  "Na"  "sp3" }
>> 	{ "K+"  "K"  "sp3" }
>> 	{ "Rb+"  "Rb"  "sp3" }
>> 	{ "Cs+"  "Cs"  "sp3" }
>> 	{ "Mg+"  "Mg"  "sp3" }
>>     { "Tl+"  "Tl"  "sp3" }
>>     { "Cu+"  "Cu"  "sp3" }
>>     { "Ag+"  "Ag"  "sp3" }
>>     { "NH4+"  "N"  "sp3" }
>>     { "H3O+"  "O"  "sp3" }
>>     { "Be2+" "Be"  "sp3" }
>>     { "Cu2+" "Cu"  "sp3" }
>>     { "Ni2+" "Ni"  "sp3" }
>>     { "Pt2+" "Pt"  "sp3" }
>>     { "Zn2+" "Zn"  "sp3" }
>>     { "Co2+" "Co"  "sp3" }
>>     { "Pd2+" "Pd"  "sp3" }
>>     { "Ag2+" "Ag"  "sp3" }
>>     { "Cr2+" "Cr"  "sp3" }
>>     { "Fe2+" "Fe"  "sp3" }
>>     { "Mg2+" "Mg"  "sp3" }
>>     { "V2+"  "V"   "sp3" }
>>     { "Mn2+" "Mn"  "sp3" }
>>     { "Hg2+" "Hg"  "sp3" }
>>     { "Cd2+" "Cd"  "sp3" }
>>     { "Yb2+" "Yb"  "sp3" }
>>     { "Ca2+" "Ca"  "sp3" }
>>     { "Sn2+" "Sn"  "sp3" }
>>     { "Pb2+" "Pb"  "sp3" }
>>     { "Eu2+" "Eu"  "sp3" }
>>     { "Sr2+" "Sr"  "sp3" }
>>     { "Sm2+" "Sm"  "sp3" }
>>     { "Ba2+" "Ba"  "sp3" }
>>     { "Ra2+" "Ra"  "sp3" }
>>     { "Al3+" "Al"  "sp3" }
>>     { "Fe3+" "Fe"  "sp3" }
>>     { "Cr3+" "Cr"  "sp3" }
>>     { "In3+" "In"  "sp3" }
>>     { "Tl3+" "Tl"  "sp3" }
>>     { "Y3+"  "Y"   "sp3" }
>>     { "La3+" "La"  "sp3" }
>>     { "Ce3+" "Ce"  "sp3" }
>>     { "Pr3+" "Pr"  "sp3" }
>>     { "Nd3+" "Nd"  "sp3" }
>>     { "Sm3+" "Sm"  "sp3" }
>>     { "Eu3+" "Eu"  "sp3" }
>>     { "Gd3+" "Gd"  "sp3" }
>>     { "Tb3+" "Tb"  "sp3" }
>>     { "Dy3+" "Dy"  "sp3" }
>>     { "Er3+" "Er"  "sp3" }
>>     { "Tm3+" "Tm"  "sp3" }
>>     { "Lu3+" "Lu"  "sp3" }
>>     { "Hf4+" "Hf"  "sp3" }
>>     { "Zr4+" "Zr"  "sp3" }
>>     { "Ce4+" "Ce"  "sp3" }
>>     { "U4+"  "U"   "sp3" }
>>     { "Pu4+" "Pu"  "sp3" }
>>     { "Th4+" "Th"  "sp3" }
>> }
>> loadOff atomic_ions.lib
Loading library: /home/ron/miniconda3/envs/AmberTools23/dat/leap/lib/atomic_ions.lib
Loading: AG
Loading: AL
Loading: Ag
Loading: BA
Loading: BR
Loading: Be
Loading: CA
Loading: CD
Loading: CE
Loading: CL
Loading: CO
Loading: CR
Loading: CS
Loading: CU
Loading: CU1
Loading: Ce
Loading: Cl-
Loading: Cr
Loading: Dy
Loading: EU
Loading: EU3
Loading: Er
Loading: F
Loading: FE
Loading: FE2
Loading: GD3
Loading: H3O+
Loading: HE+
Loading: HG
Loading: HZ+
Loading: Hf
Loading: IN
Loading: IOD
Loading: K
Loading: K+
Loading: LA
Loading: LI
Loading: LU
Loading: MG
Loading: MN
Loading: NA
Loading: NH4
Loading: NI
Loading: Na+
Loading: Nd
Loading: PB
Loading: PD
Loading: PR
Loading: PT
Loading: Pu
Loading: RB
Loading: Ra
Loading: SM
Loading: SR
Loading: Sm
Loading: Sn
Loading: TB
Loading: TL
Loading: Th
Loading: Tl
Loading: Tm
Loading: U4+
Loading: V2+
Loading: Y
Loading: YB2
Loading: ZN
Loading: Zr
>> loadOff solvents.lib
Loading library: /home/ron/miniconda3/envs/AmberTools23/dat/leap/lib/solvents.lib
Loading: CHCL3BOX
Loading: DC4
Loading: FB3
Loading: FB3BOX
Loading: FB4
Loading: FB4BOX
Loading: MEOHBOX
Loading: NMABOX
Loading: O3P
Loading: OP3
Loading: OPC
Loading: OPC3BOX
Loading: OPC3POLBOX
Loading: OPCBOX
Loading: PL3
Loading: POL3BOX
Loading: QSPCFWBOX
Loading: SPC
Loading: SPCBOX
Loading: SPCFWBOX
Loading: SPF
Loading: SPG
Loading: T4E
Loading: TIP3PBOX
Loading: TIP3PFBOX
Loading: TIP4PBOX
Loading: TIP4PEWBOX
Loading: TIP5PBOX
Loading: TP3
Loading: TP4
Loading: TP5
Loading: TPF
>> HOH = TP3
>> WAT = TP3
>> loadAmberParams frcmod.tip3p
Loading parameters: /home/ron/miniconda3/envs/AmberTools23/dat/leap/parm/frcmod.tip3p
Reading force field modification type file (frcmod)
Reading title:
This is the additional/replacement parameter set for TIP3P water
>> loadAmberParams frcmod.ions1lm_126_tip3p
Loading parameters: /home/ron/miniconda3/envs/AmberTools23/dat/leap/parm/frcmod.ions1lm_126_tip3p
Reading force field modification type file (frcmod)
Reading title:
Li/Merz ion parameters of monovalent ions for TIP3P water model (12-6 normal usage set)
>> loadAmberParams frcmod.ionsjc_tip3p
Loading parameters: /home/ron/miniconda3/envs/AmberTools23/dat/leap/parm/frcmod.ionsjc_tip3p
Reading force field modification type file (frcmod)
Reading title:
Monovalent ion parameters for Ewald and TIP3P water from Joung & Cheatham JPCB (2008)
>> loadAmberParams frcmod.ions234lm_126_tip3p
Loading parameters: /home/ron/miniconda3/envs/AmberTools23/dat/leap/parm/frcmod.ions234lm_126_tip3p
Reading force field modification type file (frcmod)
Reading title:
Li/Merz ion parameters of divalent to tetravalent ions for TIP3P water model (12-6 normal usage set)
>> 
> 
>     source /home/ron/miniconda3/envs/AmberTools23/dat/leap/cmd/leaprc.gaff
----- Source: /home/ron/miniconda3/envs/AmberTools23/dat/leap/cmd/leaprc.gaff
----- Source of /home/ron/miniconda3/envs/AmberTools23/dat/leap/cmd/leaprc.gaff done
>> logFile leap.log
log started: Wed Jul 10 17:34:59 2024

Log file: ./leap.log
>> #
>> # ----- leaprc for loading the general Amber Force field.
>> #       This file is mostly for use with Antechamber
>> #
>> #	load atom type hybridizations
>> #
>> addAtomTypes {
>> 	{ "h1"  "H" "sp3" }
>> 	{ "h2"  "H" "sp3" }
>> 	{ "h3"  "H" "sp3" }
>> 	{ "h4"  "H" "sp3" }
>> 	{ "h5"  "H" "sp3" }
>> 	{ "ha"  "H" "sp3" }
>> 	{ "hc"  "H" "sp3" }
>> 	{ "hn"  "H" "sp3" }
>> 	{ "ho"  "H" "sp3" }
>> 	{ "hp"  "H" "sp3" }
>> 	{ "hs"  "H" "sp3" }
>> 	{ "hw"  "H" "sp3" }
>> 	{ "hx"  "H" "sp3" }
>> 	{ "o"  "O" "sp2" }
>> 	{ "o2"  "O" "sp2" }
>> 	{ "oh"  "O" "sp3" }
>> 	{ "op"  "O" "sp3" }
>> 	{ "oq"  "O" "sp3" }
>> 	{ "os"  "O" "sp3" }
>> 	{ "ow"  "O" "sp3" }
>> 	{ "c"  "C" "sp2" }
>> 	{ "c1"  "C" "sp2" }
>> 	{ "c2"  "C" "sp2" }
>> 	{ "c3"  "C" "sp3" }
>> 	{ "ca"  "C" "sp2" }
>> 	{ "cc"  "C" "sp2" }
>> 	{ "cd"  "C" "sp2" }
>> 	{ "ce"  "C" "sp2" }
>> 	{ "cf"  "C" "sp2" }
>> 	{ "cg"  "C" "sp2" }
>> 	{ "ch"  "C" "sp2" }
>> 	{ "cp"  "C" "sp2" }
>> 	{ "cq"  "C" "sp2" }
>> 	{ "cu"  "C" "sp2" }
>> 	{ "cv"  "C" "sp2" }
>> 	{ "cx"  "C" "sp2" }
>> 	{ "cy"  "C" "sp2" }
>> 	{ "cz"  "C" "sp2" }
>> 	{ "n"   "N" "sp2" }
>> 	{ "n1"  "N" "sp2" }
>> 	{ "n2"  "N" "sp2" }
>> 	{ "n3"  "N" "sp3" }
>> 	{ "n4"  "N" "sp3" }
>> 	{ "na"  "N" "sp2" }
>> 	{ "nb"  "N" "sp2" }
>> 	{ "nc"  "N" "sp2" }
>> 	{ "nd"  "N" "sp2" }
>> 	{ "ne"  "N" "sp2" }
>> 	{ "nf"  "N" "sp2" }
>> 	{ "nh"  "N" "sp2" }
>> 	{ "ni"  "N" "sp2" }
>> 	{ "nj"  "N" "sp2" }
>> 	{ "nk"  "N" "sp3" }
>> 	{ "nl"  "N" "sp3" }
>> 	{ "nm"  "N" "sp2" }
>> 	{ "nn"  "N" "sp2" }
>> 	{ "no"  "N" "sp2" }
>> 	{ "np"  "N" "sp3" }
>> 	{ "nq"  "N" "sp3" }
>> 	{ "s"   "S" "sp2" }
>> 	{ "s2"   "S" "sp2" }
>> 	{ "s3"   "S" "sp3" }
>> 	{ "s4"   "S" "sp3" }
>> 	{ "s6"   "S" "sp3" }
>> 	{ "sh"   "S" "sp3" }
>> 	{ "sp"   "S" "sp3" }
>> 	{ "sq"   "S" "sp3" }
>> 	{ "ss"   "S" "sp3" }
>> 	{ "sx"   "S" "sp3" }
>> 	{ "sy"   "S" "sp3" }
>> 	{ "p2"   "P" "sp2" }
>> 	{ "p3"   "P" "sp3" }
>> 	{ "p4"   "P" "sp3" }
>> 	{ "p5"   "P" "sp3" }
>> 	{ "pb"   "P" "sp3" }
>> 	{ "pc"   "P" "sp3" }
>> 	{ "pd"   "P" "sp3" }
>> 	{ "pe"   "P" "sp3" }
>> 	{ "pf"   "P" "sp3" }
>> 	{ "px"   "P" "sp3" }
>> 	{ "py"   "P" "sp3" }
>> 	{ "f"   "F" "sp3" }
>> 	{ "cl"  "Cl" "sp3" }
>> 	{ "br"  "Br" "sp3" }
>> 	{ "i"   "I"  "sp3" }
>> }
>> #
>> #	Load the general force field parameter set.
>> #
>> gaff = loadamberparams gaff.dat
Loading parameters: /home/ron/miniconda3/envs/AmberTools23/dat/leap/parm/gaff.dat
Reading title:
AMBER General Force Field for organic molecules (Version 1.81, May 2017)
> 
>     loadamberparams /home/ron/miniconda3/envs/AmberTools23/dat/leap/parm/frcmod.ionsjc_tip3p
Loading parameters: /home/ron/miniconda3/envs/AmberTools23/dat/leap/parm/frcmod.ionsjc_tip3p
Reading force field modification type file (frcmod)
Reading title:
Monovalent ion parameters for Ewald and TIP3P water from Joung & Cheatham JPCB (2008)
>     loadamberparams EFZ.frcmod
Loading parameters: ./EFZ.frcmod
Reading force field modification type file (frcmod)
Reading title:
Remark line goes here
>     loadamberprep EFZ_sybyl_resp_gaff.prepc
Loading Prep file: ./EFZ_sybyl_resp_gaff.prepc
Loaded UNIT: MOL
>     complex  = loadpdb /home/ron/work/NEW_SIMULATIONBOXES/test2/6fxb/clab/6fxb_dimer_minus_2_proton.pdb_box_size_8.399999999999999_8.399999999999999_8.399999999999999/6fxb_dimer_minus_2_proton.pdb_8.399999999999999_8.399999999999999_8.399999999999999_clab_ph6_20_mol_with_TER.pdb # change: name of pdb file, protonate first
Loading PDB file: /home/ron/work/NEW_SIMULATIONBOXES/test2/6fxb/clab/6fxb_dimer_minus_2_proton.pdb_box_size_8.399999999999999_8.399999999999999_8.399999999999999/6fxb_dimer_minus_2_proton.pdb_8.399999999999999_8.399999999999999_8.399999999999999_clab_ph6_20_mol_with_TER.pdb
Matching PDB residue names to LEaP variables.
Mapped residue LEU, term: Terminal/beginning, seq. number: 0 to: NLEU.
Mapped residue ILE, term: Terminal/last, seq. number: 161 to: CILE.
Mapped residue LEU, term: Terminal/beginning, seq. number: 162 to: NLEU.
Mapped residue ILE, term: Terminal/last, seq. number: 323 to: CILE.
  total atoms in file: 6833
>     bond complex.106.SG complex.119.SG # change: number of residues that correspond to CYS
>     bond complex.66.SG complex.160.SG # change: number of residues that correspond to CYS
>     bond complex.268.SG complex.281.SG # change: number of residues that correspond to CYS
>     bond complex.228.SG complex.322.SG # change: number of residues that correspond to CYS
>     solvateBox complex TIP3PBOX 15
  Solute vdw bounding box:              95.393 94.979 94.567
  Total bounding box for atom centers:  125.393 124.979 124.567
  Solvent unit box:                     18.774 18.774 18.774
The number of boxes:  x= 7  y= 7  z= 7
  Total vdw box size:                   128.858 128.131 127.748 angstroms.
  Volume: 2109205.358 A^3 
  Total mass 1100487.332 amu,  Density 0.866 g/cc
  Added 58264 residues.
>     charge complex
Total unperturbed charge: -54.999980
Total perturbed charge:   -54.999980
>     addionsrand complex Na+ 1 Cl- 1 # change: ionic strength of the experiment & 0 net charge for the system
Adding 2 counter ions to "complex". 58262 solvent molecules will remain.
0: Placed Na+ in complex at (24.56, -52.37, 15.12).
Placed Cl- in complex at (-42.65, 30.17, -44.29).
>     charge complex
Total unperturbed charge: -54.999980
Total perturbed charge:   -54.999980
>     saveamberparm complex ref.prmtop ref.inpcrd
Checking Unit.

/home/ron/miniconda3/envs/AmberTools23/bin/teLeap: Warning!
The unperturbed charge of the unit (-54.999980) is not zero.

/home/ron/miniconda3/envs/AmberTools23/bin/teLeap: Note.
Ignoring the warning from Unit Checking.

Building topology.
Building atom parameters.
Building bond parameters.
Building angle parameters.
Building proper torsion parameters.
Building improper torsion parameters.
old PREP-specified impropers:
 <MOL 325>:  C2   C32  C1   O1  
 <MOL 325>:  C1   C31  C32  O18 
 <MOL 325>:  C4   C32  C31  H28 
 <MOL 325>:  C3   C1   C2   H31 
 <MOL 325>:  C2   C4   C3   H32 
 <MOL 325>:  C5   C3   C4   C31 
 <MOL 325>:  C7   C21  C6   O2  
 <MOL 325>:  C6   C8   C7   H2  
 <MOL 325>:  C7   C19  C8   C9  
 <MOL 325>:  C8   C10  C9   H3  
 <MOL 325>:  C11  C9   C10  H4  
 <MOL 325>:  C10  O9   C11  O3  
 <MOL 325>:  C14  O5   C15  O6  
 <MOL 325>:  C8   C20  C19  H15 
 <MOL 325>:  C19  C21  C20  H16 
 <MOL 325>:  C6   C20  C21  O10 
 <MOL 325>:  C22  O17  C23  O11 
 <MOL 325>:  C26  O13  C27  O14 
 <MOL 326>:  C2   C32  C1   O1  
 <MOL 326>:  C1   C31  C32  O18 
 <MOL 326>:  C4   C32  C31  H28 
 <MOL 326>:  C3   C1   C2   H31 
 <MOL 326>:  C2   C4   C3   H32 
 <MOL 326>:  C5   C3   C4   C31 
 <MOL 326>:  C7   C21  C6   O2  
 <MOL 326>:  C6   C8   C7   H2  
 <MOL 326>:  C7   C19  C8   C9  
 <MOL 326>:  C8   C10  C9   H3  
 <MOL 326>:  C11  C9   C10  H4  
 <MOL 326>:  C10  O9   C11  O3  
 <MOL 326>:  C14  O5   C15  O6  
 <MOL 326>:  C8   C20  C19  H15 
 <MOL 326>:  C19  C21  C20  H16 
 <MOL 326>:  C6   C20  C21  O10 
 <MOL 326>:  C22  O17  C23  O11 
 <MOL 326>:  C26  O13  C27  O14 
 <MOL 327>:  C2   C32  C1   O1  
 <MOL 327>:  C1   C31  C32  O18 
 <MOL 327>:  C4   C32  C31  H28 
 <MOL 327>:  C3   C1   C2   H31 
 <MOL 327>:  C2   C4   C3   H32 
 <MOL 327>:  C5   C3   C4   C31 
 <MOL 327>:  C7   C21  C6   O2  
 <MOL 327>:  C6   C8   C7   H2  
 <MOL 327>:  C7   C19  C8   C9  
 <MOL 327>:  C8   C10  C9   H3  
 <MOL 327>:  C11  C9   C10  H4  
 <MOL 327>:  C10  O9   C11  O3  
 <MOL 327>:  C14  O5   C15  O6  
 <MOL 327>:  C8   C20  C19  H15 
 <MOL 327>:  C19  C21  C20  H16 
 <MOL 327>:  C6   C20  C21  O10 
 <MOL 327>:  C22  O17  C23  O11 
 <MOL 327>:  C26  O13  C27  O14 
 <MOL 328>:  C2   C32  C1   O1  
 <MOL 328>:  C1   C31  C32  O18 
 <MOL 328>:  C4   C32  C31  H28 
 <MOL 328>:  C3   C1   C2   H31 
 <MOL 328>:  C2   C4   C3   H32 
 <MOL 328>:  C5   C3   C4   C31 
 <MOL 328>:  C7   C21  C6   O2  
 <MOL 328>:  C6   C8   C7   H2  
 <MOL 328>:  C7   C19  C8   C9  
 <MOL 328>:  C8   C10  C9   H3  
 <MOL 328>:  C11  C9   C10  H4  
 <MOL 328>:  C10  O9   C11  O3  
 <MOL 328>:  C14  O5   C15  O6  
 <MOL 328>:  C8   C20  C19  H15 
 <MOL 328>:  C19  C21  C20  H16 
 <MOL 328>:  C6   C20  C21  O10 
 <MOL 328>:  C22  O17  C23  O11 
 <MOL 328>:  C26  O13  C27  O14 
 <MOL 329>:  C2   C32  C1   O1  
 <MOL 329>:  C1   C31  C32  O18 
 <MOL 329>:  C4   C32  C31  H28 
 <MOL 329>:  C3   C1   C2   H31 
 <MOL 329>:  C2   C4   C3   H32 
 <MOL 329>:  C5   C3   C4   C31 
 <MOL 329>:  C7   C21  C6   O2  
 <MOL 329>:  C6   C8   C7   H2  
 <MOL 329>:  C7   C19  C8   C9  
 <MOL 329>:  C8   C10  C9   H3  
 <MOL 329>:  C11  C9   C10  H4  
 <MOL 329>:  C10  O9   C11  O3  
 <MOL 329>:  C14  O5   C15  O6  
 <MOL 329>:  C8   C20  C19  H15 
 <MOL 329>:  C19  C21  C20  H16 
 <MOL 329>:  C6   C20  C21  O10 
 <MOL 329>:  C22  O17  C23  O11 
 <MOL 329>:  C26  O13  C27  O14 
 <MOL 330>:  C2   C32  C1   O1  
 <MOL 330>:  C1   C31  C32  O18 
 <MOL 330>:  C4   C32  C31  H28 
 <MOL 330>:  C3   C1   C2   H31 
 <MOL 330>:  C2   C4   C3   H32 
 <MOL 330>:  C5   C3   C4   C31 
 <MOL 330>:  C7   C21  C6   O2  
 <MOL 330>:  C6   C8   C7   H2  
 <MOL 330>:  C7   C19  C8   C9  
 <MOL 330>:  C8   C10  C9   H3  
 <MOL 330>:  C11  C9   C10  H4  
 <MOL 330>:  C10  O9   C11  O3  
 <MOL 330>:  C14  O5   C15  O6  
 <MOL 330>:  C8   C20  C19  H15 
 <MOL 330>:  C19  C21  C20  H16 
 <MOL 330>:  C6   C20  C21  O10 
 <MOL 330>:  C22  O17  C23  O11 
 <MOL 330>:  C26  O13  C27  O14 
 <MOL 331>:  C2   C32  C1   O1  
 <MOL 331>:  C1   C31  C32  O18 
 <MOL 331>:  C4   C32  C31  H28 
 <MOL 331>:  C3   C1   C2   H31 
 <MOL 331>:  C2   C4   C3   H32 
 <MOL 331>:  C5   C3   C4   C31 
 <MOL 331>:  C7   C21  C6   O2  
 <MOL 331>:  C6   C8   C7   H2  
 <MOL 331>:  C7   C19  C8   C9  
 <MOL 331>:  C8   C10  C9   H3  
 <MOL 331>:  C11  C9   C10  H4  
 <MOL 331>:  C10  O9   C11  O3  
 <MOL 331>:  C14  O5   C15  O6  
 <MOL 331>:  C8   C20  C19  H15 
 <MOL 331>:  C19  C21  C20  H16 
 <MOL 331>:  C6   C20  C21  O10 
 <MOL 331>:  C22  O17  C23  O11 
 <MOL 331>:  C26  O13  C27  O14 
 <MOL 332>:  C2   C32  C1   O1  
 <MOL 332>:  C1   C31  C32  O18 
 <MOL 332>:  C4   C32  C31  H28 
 <MOL 332>:  C3   C1   C2   H31 
 <MOL 332>:  C2   C4   C3   H32 
 <MOL 332>:  C5   C3   C4   C31 
 <MOL 332>:  C7   C21  C6   O2  
 <MOL 332>:  C6   C8   C7   H2  
 <MOL 332>:  C7   C19  C8   C9  
 <MOL 332>:  C8   C10  C9   H3  
 <MOL 332>:  C11  C9   C10  H4  
 <MOL 332>:  C10  O9   C11  O3  
 <MOL 332>:  C14  O5   C15  O6  
 <MOL 332>:  C8   C20  C19  H15 
 <MOL 332>:  C19  C21  C20  H16 
 <MOL 332>:  C6   C20  C21  O10 
 <MOL 332>:  C22  O17  C23  O11 
 <MOL 332>:  C26  O13  C27  O14 
 <MOL 333>:  C2   C32  C1   O1  
 <MOL 333>:  C1   C31  C32  O18 
 <MOL 333>:  C4   C32  C31  H28 
 <MOL 333>:  C3   C1   C2   H31 
 <MOL 333>:  C2   C4   C3   H32 
 <MOL 333>:  C5   C3   C4   C31 
 <MOL 333>:  C7   C21  C6   O2  
 <MOL 333>:  C6   C8   C7   H2  
 <MOL 333>:  C7   C19  C8   C9  
 <MOL 333>:  C8   C10  C9   H3  
 <MOL 333>:  C11  C9   C10  H4  
 <MOL 333>:  C10  O9   C11  O3  
 <MOL 333>:  C14  O5   C15  O6  
 <MOL 333>:  C8   C20  C19  H15 
 <MOL 333>:  C19  C21  C20  H16 
 <MOL 333>:  C6   C20  C21  O10 
 <MOL 333>:  C22  O17  C23  O11 
 <MOL 333>:  C26  O13  C27  O14 
 <MOL 334>:  C2   C32  C1   O1  
 <MOL 334>:  C1   C31  C32  O18 
 <MOL 334>:  C4   C32  C31  H28 
 <MOL 334>:  C3   C1   C2   H31 
 <MOL 334>:  C2   C4   C3   H32 
 <MOL 334>:  C5   C3   C4   C31 
 <MOL 334>:  C7   C21  C6   O2  
 <MOL 334>:  C6   C8   C7   H2  
 <MOL 334>:  C7   C19  C8   C9  
 <MOL 334>:  C8   C10  C9   H3  
 <MOL 334>:  C11  C9   C10  H4  
 <MOL 334>:  C10  O9   C11  O3  
 <MOL 334>:  C14  O5   C15  O6  
 <MOL 334>:  C8   C20  C19  H15 
 <MOL 334>:  C19  C21  C20  H16 
 <MOL 334>:  C6   C20  C21  O10 
 <MOL 334>:  C22  O17  C23  O11 
 <MOL 334>:  C26  O13  C27  O14 
 <MOL 335>:  C2   C32  C1   O1  
 <MOL 335>:  C1   C31  C32  O18 
 <MOL 335>:  C4   C32  C31  H28 
 <MOL 335>:  C3   C1   C2   H31 
 <MOL 335>:  C2   C4   C3   H32 
 <MOL 335>:  C5   C3   C4   C31 
 <MOL 335>:  C7   C21  C6   O2  
 <MOL 335>:  C6   C8   C7   H2  
 <MOL 335>:  C7   C19  C8   C9  
 <MOL 335>:  C8   C10  C9   H3  
 <MOL 335>:  C11  C9   C10  H4  
 <MOL 335>:  C10  O9   C11  O3  
 <MOL 335>:  C14  O5   C15  O6  
 <MOL 335>:  C8   C20  C19  H15 
 <MOL 335>:  C19  C21  C20  H16 
 <MOL 335>:  C6   C20  C21  O10 
 <MOL 335>:  C22  O17  C23  O11 
 <MOL 335>:  C26  O13  C27  O14 
 <MOL 336>:  C2   C32  C1   O1  
 <MOL 336>:  C1   C31  C32  O18 
 <MOL 336>:  C4   C32  C31  H28 
 <MOL 336>:  C3   C1   C2   H31 
 <MOL 336>:  C2   C4   C3   H32 
 <MOL 336>:  C5   C3   C4   C31 
 <MOL 336>:  C7   C21  C6   O2  
 <MOL 336>:  C6   C8   C7   H2  
 <MOL 336>:  C7   C19  C8   C9  
 <MOL 336>:  C8   C10  C9   H3  
 <MOL 336>:  C11  C9   C10  H4  
 <MOL 336>:  C10  O9   C11  O3  
 <MOL 336>:  C14  O5   C15  O6  
 <MOL 336>:  C8   C20  C19  H15 
 <MOL 336>:  C19  C21  C20  H16 
 <MOL 336>:  C6   C20  C21  O10 
 <MOL 336>:  C22  O17  C23  O11 
 <MOL 336>:  C26  O13  C27  O14 
 <MOL 337>:  C2   C32  C1   O1  
 <MOL 337>:  C1   C31  C32  O18 
 <MOL 337>:  C4   C32  C31  H28 
 <MOL 337>:  C3   C1   C2   H31 
 <MOL 337>:  C2   C4   C3   H32 
 <MOL 337>:  C5   C3   C4   C31 
 <MOL 337>:  C7   C21  C6   O2  
 <MOL 337>:  C6   C8   C7   H2  
 <MOL 337>:  C7   C19  C8   C9  
 <MOL 337>:  C8   C10  C9   H3  
 <MOL 337>:  C11  C9   C10  H4  
 <MOL 337>:  C10  O9   C11  O3  
 <MOL 337>:  C14  O5   C15  O6  
 <MOL 337>:  C8   C20  C19  H15 
 <MOL 337>:  C19  C21  C20  H16 
 <MOL 337>:  C6   C20  C21  O10 
 <MOL 337>:  C22  O17  C23  O11 
 <MOL 337>:  C26  O13  C27  O14 
 <MOL 338>:  C2   C32  C1   O1  
 <MOL 338>:  C1   C31  C32  O18 
 <MOL 338>:  C4   C32  C31  H28 
 <MOL 338>:  C3   C1   C2   H31 
 <MOL 338>:  C2   C4   C3   H32 
 <MOL 338>:  C5   C3   C4   C31 
 <MOL 338>:  C7   C21  C6   O2  
 <MOL 338>:  C6   C8   C7   H2  
 <MOL 338>:  C7   C19  C8   C9  
 <MOL 338>:  C8   C10  C9   H3  
 <MOL 338>:  C11  C9   C10  H4  
 <MOL 338>:  C10  O9   C11  O3  
 <MOL 338>:  C14  O5   C15  O6  
 <MOL 338>:  C8   C20  C19  H15 
 <MOL 338>:  C19  C21  C20  H16 
 <MOL 338>:  C6   C20  C21  O10 
 <MOL 338>:  C22  O17  C23  O11 
 <MOL 338>:  C26  O13  C27  O14 
 <MOL 339>:  C2   C32  C1   O1  
 <MOL 339>:  C1   C31  C32  O18 
 <MOL 339>:  C4   C32  C31  H28 
 <MOL 339>:  C3   C1   C2   H31 
 <MOL 339>:  C2   C4   C3   H32 
 <MOL 339>:  C5   C3   C4   C31 
 <MOL 339>:  C7   C21  C6   O2  
 <MOL 339>:  C6   C8   C7   H2  
 <MOL 339>:  C7   C19  C8   C9  
 <MOL 339>:  C8   C10  C9   H3  
 <MOL 339>:  C11  C9   C10  H4  
 <MOL 339>:  C10  O9   C11  O3  
 <MOL 339>:  C14  O5   C15  O6  
 <MOL 339>:  C8   C20  C19  H15 
 <MOL 339>:  C19  C21  C20  H16 
 <MOL 339>:  C6   C20  C21  O10 
 <MOL 339>:  C22  O17  C23  O11 
 <MOL 339>:  C26  O13  C27  O14 
 <MOL 340>:  C2   C32  C1   O1  
 <MOL 340>:  C1   C31  C32  O18 
 <MOL 340>:  C4   C32  C31  H28 
 <MOL 340>:  C3   C1   C2   H31 
 <MOL 340>:  C2   C4   C3   H32 
 <MOL 340>:  C5   C3   C4   C31 
 <MOL 340>:  C7   C21  C6   O2  
 <MOL 340>:  C6   C8   C7   H2  
 <MOL 340>:  C7   C19  C8   C9  
 <MOL 340>:  C8   C10  C9   H3  
 <MOL 340>:  C11  C9   C10  H4  
 <MOL 340>:  C10  O9   C11  O3  
 <MOL 340>:  C14  O5   C15  O6  
 <MOL 340>:  C8   C20  C19  H15 
 <MOL 340>:  C19  C21  C20  H16 
 <MOL 340>:  C6   C20  C21  O10 
 <MOL 340>:  C22  O17  C23  O11 
 <MOL 340>:  C26  O13  C27  O14 
 <MOL 341>:  C2   C32  C1   O1  
 <MOL 341>:  C1   C31  C32  O18 
 <MOL 341>:  C4   C32  C31  H28 
 <MOL 341>:  C3   C1   C2   H31 
 <MOL 341>:  C2   C4   C3   H32 
 <MOL 341>:  C5   C3   C4   C31 
 <MOL 341>:  C7   C21  C6   O2  
 <MOL 341>:  C6   C8   C7   H2  
 <MOL 341>:  C7   C19  C8   C9  
 <MOL 341>:  C8   C10  C9   H3  
 <MOL 341>:  C11  C9   C10  H4  
 <MOL 341>:  C10  O9   C11  O3  
 <MOL 341>:  C14  O5   C15  O6  
 <MOL 341>:  C8   C20  C19  H15 
 <MOL 341>:  C19  C21  C20  H16 
 <MOL 341>:  C6   C20  C21  O10 
 <MOL 341>:  C22  O17  C23  O11 
 <MOL 341>:  C26  O13  C27  O14 
 <MOL 342>:  C2   C32  C1   O1  
 <MOL 342>:  C1   C31  C32  O18 
 <MOL 342>:  C4   C32  C31  H28 
 <MOL 342>:  C3   C1   C2   H31 
 <MOL 342>:  C2   C4   C3   H32 
 <MOL 342>:  C5   C3   C4   C31 
 <MOL 342>:  C7   C21  C6   O2  
 <MOL 342>:  C6   C8   C7   H2  
 <MOL 342>:  C7   C19  C8   C9  
 <MOL 342>:  C8   C10  C9   H3  
 <MOL 342>:  C11  C9   C10  H4  
 <MOL 342>:  C10  O9   C11  O3  
 <MOL 342>:  C14  O5   C15  O6  
 <MOL 342>:  C8   C20  C19  H15 
 <MOL 342>:  C19  C21  C20  H16 
 <MOL 342>:  C6   C20  C21  O10 
 <MOL 342>:  C22  O17  C23  O11 
 <MOL 342>:  C26  O13  C27  O14 
 <MOL 343>:  C2   C32  C1   O1  
 <MOL 343>:  C1   C31  C32  O18 
 <MOL 343>:  C4   C32  C31  H28 
 <MOL 343>:  C3   C1   C2   H31 
 <MOL 343>:  C2   C4   C3   H32 
 <MOL 343>:  C5   C3   C4   C31 
 <MOL 343>:  C7   C21  C6   O2  
 <MOL 343>:  C6   C8   C7   H2  
 <MOL 343>:  C7   C19  C8   C9  
 <MOL 343>:  C8   C10  C9   H3  
 <MOL 343>:  C11  C9   C10  H4  
 <MOL 343>:  C10  O9   C11  O3  
 <MOL 343>:  C14  O5   C15  O6  
 <MOL 343>:  C8   C20  C19  H15 
 <MOL 343>:  C19  C21  C20  H16 
 <MOL 343>:  C6   C20  C21  O10 
 <MOL 343>:  C22  O17  C23  O11 
 <MOL 343>:  C26  O13  C27  O14 
 <MOL 344>:  C2   C32  C1   O1  
 <MOL 344>:  C1   C31  C32  O18 
 <MOL 344>:  C4   C32  C31  H28 
 <MOL 344>:  C3   C1   C2   H31 
 <MOL 344>:  C2   C4   C3   H32 
 <MOL 344>:  C5   C3   C4   C31 
 <MOL 344>:  C7   C21  C6   O2  
 <MOL 344>:  C6   C8   C7   H2  
 <MOL 344>:  C7   C19  C8   C9  
 <MOL 344>:  C8   C10  C9   H3  
 <MOL 344>:  C11  C9   C10  H4  
 <MOL 344>:  C10  O9   C11  O3  
 <MOL 344>:  C14  O5   C15  O6  
 <MOL 344>:  C8   C20  C19  H15 
 <MOL 344>:  C19  C21  C20  H16 
 <MOL 344>:  C6   C20  C21  O10 
 <MOL 344>:  C22  O17  C23  O11 
 <MOL 344>:  C26  O13  C27  O14 
 total 1289 improper torsions applied
 360 improper torsions in old prep form
Building H-Bond parameters.
Incorporating Non-Bonded adjustments.
Not Marking per-residue atom chain types.
Marking per-residue atom chain types.
  (Residues lacking connect0/connect1 - 
   these don't have chain types marked:

	res	total affected

	CILE	2
	NLEU	2
	WAT	58262
  )
 (no restraints)
>     savepdb complex ref_dimer.pdb
Writing pdb file: ref_dimer.pdb
   printing CRYST1 record to PDB file with box info

/home/ron/miniconda3/envs/AmberTools23/bin/teLeap: Warning!
 Converting N-terminal residue name to PDB format: NLEU -> LEU

/home/ron/miniconda3/envs/AmberTools23/bin/teLeap: Warning!
 Converting C-terminal residue name to PDB format: CILE -> ILE

/home/ron/miniconda3/envs/AmberTools23/bin/teLeap: Warning!
 Converting N-terminal residue name to PDB format: NLEU -> LEU

/home/ron/miniconda3/envs/AmberTools23/bin/teLeap: Warning!
 Converting C-terminal residue name to PDB format: CILE -> ILE
>     quit
	Quit

Exiting LEaP: Errors = 0; Warnings = 5; Notes = 1.
log started: Wed Jul 10 18:10:04 2024

Log file: ./leap.log
>> #
>> # ----- leaprc for loading the ff14SB force field
>> # ----- NOTE: this is designed for PDB format 3!
>> #
>> #	load atom type hybridizations
>> #
>> addAtomTypes {
>> 	{ "H"   "H" "sp3" }
>> 	{ "HO"  "H" "sp3" }
>> 	{ "HS"  "H" "sp3" }
>> 	{ "H1"  "H" "sp3" }
>> 	{ "H2"  "H" "sp3" }
>> 	{ "H3"  "H" "sp3" }
>> 	{ "H4"  "H" "sp3" }
>> 	{ "H5"  "H" "sp3" }
>> 	{ "HW"  "H" "sp3" }
>> 	{ "HC"  "H" "sp3" }
>> 	{ "HA"  "H" "sp3" }
>> 	{ "HP"  "H" "sp3" }
>> 	{ "HZ"  "H" "sp3" }
>> 	{ "OH"  "O" "sp3" }
>> 	{ "OS"  "O" "sp3" }
>> 	{ "O"   "O" "sp2" }
>> 	{ "O2"  "O" "sp2" }
>> 	{ "OP"  "O" "sp2" }
>> 	{ "OW"  "O" "sp3" }
>> 	{ "CT"  "C" "sp3" }
>> 	{ "CX"  "C" "sp3" }
>> 	{ "C8"  "C" "sp3" }
>> 	{ "2C"  "C" "sp3" }
>> 	{ "3C"  "C" "sp3" }
>> 	{ "CH"  "C" "sp3" }
>> 	{ "CS"  "C" "sp2" }
>> 	{ "C"   "C" "sp2" }
>> 	{ "CO"   "C" "sp2" }
>> 	{ "C*"  "C" "sp2" }
>> 	{ "CA"  "C" "sp2" }
>> 	{ "CB"  "C" "sp2" }
>> 	{ "CC"  "C" "sp2" }
>> 	{ "CN"  "C" "sp2" }
>> 	{ "CM"  "C" "sp2" }
>> 	{ "CK"  "C" "sp2" }
>> 	{ "CQ"  "C" "sp2" }
>> 	{ "CD"  "C" "sp2" }
>> 	{ "C5"  "C" "sp2" }
>> 	{ "C4"  "C" "sp2" }
>> 	{ "CP"  "C" "sp2" }
>> 	{ "CI"  "C" "sp3" }
>> 	{ "CJ"  "C" "sp2" }
>> 	{ "CW"  "C" "sp2" }
>> 	{ "CV"  "C" "sp2" }
>> 	{ "CR"  "C" "sp2" }
>> 	{ "CA"  "C" "sp2" }
>> 	{ "CY"  "C" "sp2" }
>> 	{ "C0"  "Ca" "sp3" }
>> 	{ "MG"  "Mg" "sp3" }
>> 	{ "N"   "N" "sp2" }
>> 	{ "NA"  "N" "sp2" }
>> 	{ "N2"  "N" "sp2" }
>> 	{ "N*"  "N" "sp2" }
>> 	{ "NP"  "N" "sp2" }
>> 	{ "NQ"  "N" "sp2" }
>> 	{ "NB"  "N" "sp2" }
>> 	{ "NC"  "N" "sp2" }
>> 	{ "NT"  "N" "sp3" }
>> 	{ "NY"  "N" "sp2" }
>> 	{ "N3"  "N" "sp3" }
>> 	{ "S"   "S" "sp3" }
>> 	{ "SH"  "S" "sp3" }
>> 	{ "P"   "P" "sp3" }
>> 	{ "LP"  ""  "sp3" }
>> 	{ "EP"  ""  "sp3" }
>> 	{ "F"   "F" "sp3" }
>> 	{ "Cl"  "Cl" "sp3" }
>> 	{ "Br"  "Br" "sp3" }
>> 	{ "I"   "I"  "sp3" }
>> }
>> #
>> #	Load the main parameter set.
>> #
>> parm10 = loadamberparams parm10.dat
Loading parameters: /home/ron/miniconda3/envs/AmberTools23/dat/leap/parm/parm10.dat
Reading title:
PARM99 + frcmod.ff99SB + frcmod.parmbsc0 + OL3 for RNA
>> frcmod14SB = loadamberparams frcmod.ff14SB
Loading parameters: /home/ron/miniconda3/envs/AmberTools23/dat/leap/parm/frcmod.ff14SB
Reading force field modification type file (frcmod)
Reading title:
ff14SB protein backbone and sidechain parameters
>> #
>> #	Load main chain and terminating amino acid libraries
>> #
>> loadOff amino12.lib
Loading library: /home/ron/miniconda3/envs/AmberTools23/dat/leap/lib/amino12.lib
Loading: ALA
Loading: ARG
Loading: ASH
Loading: ASN
Loading: ASP
Loading: CYM
Loading: CYS
Loading: CYX
Loading: GLH
Loading: GLN
Loading: GLU
Loading: GLY
Loading: HID
Loading: HIE
Loading: HIP
Loading: HYP
Loading: ILE
Loading: LEU
Loading: LYN
Loading: LYS
Loading: MET
Loading: PHE
Loading: PRO
Loading: SER
Loading: THR
Loading: TRP
Loading: TYR
Loading: VAL
>> loadOff aminoct12.lib
Loading library: /home/ron/miniconda3/envs/AmberTools23/dat/leap/lib/aminoct12.lib
Loading: CALA
Loading: CARG
Loading: CASN
Loading: CASP
Loading: CCYS
Loading: CCYX
Loading: CGLN
Loading: CGLU
Loading: CGLY
Loading: CHID
Loading: CHIE
Loading: CHIP
Loading: CHYP
Loading: CILE
Loading: CLEU
Loading: CLYS
Loading: CMET
Loading: CPHE
Loading: CPRO
Loading: CSER
Loading: CTHR
Loading: CTRP
Loading: CTYR
Loading: CVAL
Loading: NHE
Loading: NME
>> loadOff aminont12.lib
Loading library: /home/ron/miniconda3/envs/AmberTools23/dat/leap/lib/aminont12.lib
Loading: ACE
Loading: NALA
Loading: NARG
Loading: NASN
Loading: NASP
Loading: NCYS
Loading: NCYX
Loading: NGLN
Loading: NGLU
Loading: NGLY
Loading: NHID
Loading: NHIE
Loading: NHIP
Loading: NILE
Loading: NLEU
Loading: NLYS
Loading: NMET
Loading: NPHE
Loading: NPRO
Loading: NSER
Loading: NTHR
Loading: NTRP
Loading: NTYR
Loading: NVAL
>> 
>> #
>> #	Define the PDB name map for the amino acids
>> #
>> addPdbResMap {
>>   { 0 "HYP" "HYP" } { 1 "HYP" "CHYP" }
>>   { 0 "ALA" "NALA" } { 1 "ALA" "CALA" }
>>   { 0 "ARG" "NARG" } { 1 "ARG" "CARG" }
>>   { 0 "ASN" "NASN" } { 1 "ASN" "CASN" }
>>   { 0 "ASP" "NASP" } { 1 "ASP" "CASP" }
>>   { 0 "CYS" "NCYS" } { 1 "CYS" "CCYS" }
>>   { 0 "CYX" "NCYX" } { 1 "CYX" "CCYX" }
>>   { 0 "GLN" "NGLN" } { 1 "GLN" "CGLN" }
>>   { 0 "GLU" "NGLU" } { 1 "GLU" "CGLU" }
>>   { 0 "GLY" "NGLY" } { 1 "GLY" "CGLY" }
>>   { 0 "HID" "NHID" } { 1 "HID" "CHID" }
>>   { 0 "HIE" "NHIE" } { 1 "HIE" "CHIE" }
>>   { 0 "HIP" "NHIP" } { 1 "HIP" "CHIP" }
>>   { 0 "ILE" "NILE" } { 1 "ILE" "CILE" }
>>   { 0 "LEU" "NLEU" } { 1 "LEU" "CLEU" }
>>   { 0 "LYS" "NLYS" } { 1 "LYS" "CLYS" }
>>   { 0 "MET" "NMET" } { 1 "MET" "CMET" }
>>   { 0 "PHE" "NPHE" } { 1 "PHE" "CPHE" }
>>   { 0 "PRO" "NPRO" } { 1 "PRO" "CPRO" }
>>   { 0 "SER" "NSER" } { 1 "SER" "CSER" }
>>   { 0 "THR" "NTHR" } { 1 "THR" "CTHR" }
>>   { 0 "TRP" "NTRP" } { 1 "TRP" "CTRP" }
>>   { 0 "TYR" "NTYR" } { 1 "TYR" "CTYR" }
>>   { 0 "VAL" "NVAL" } { 1 "VAL" "CVAL" }
>>   { 0 "HIS" "NHIS" } { 1 "HIS" "CHIS" }
>> }
>> 
>> #
>> # assume that most often proteins use HIE
>> #
>> NHIS = NHIE
>> HIS = HIE
>> CHIS = CHIE
> 
>     source /home/ron/miniconda3/envs/AmberTools23/dat/leap/cmd/leaprc.water.tip3p
----- Source: /home/ron/miniconda3/envs/AmberTools23/dat/leap/cmd/leaprc.water.tip3p
----- Source of /home/ron/miniconda3/envs/AmberTools23/dat/leap/cmd/leaprc.water.tip3p done
>> #
>> #       Load water and ions for TIP3P + Li/Merz monovalent ions 
>> #       + Joung-Chetham monovalent ions
>> #       + Li/Merz highly charged ions (+2 to +4, 12-6 normal usage set)
>> #
>> #       Note: the Li/Merz monovalent set is loaded only to get Tl+,
>> #          Cu+, Ag+ NH4+, H3O+.  Since we load Joung-Cheatham second,
>> #          the alkali halide parameters come from the Joung-Cheatham set
>> #
>> addAtomTypes {
>> 	{ "HW"  "H" "sp3" }
>> 	{ "OW"  "O" "sp3" }
>> 	{ "F-"   "F" "sp3" }
>> 	{ "Cl-"  "Cl" "sp3" }
>> 	{ "Br-"  "Br" "sp3" }
>> 	{ "I-"   "I"  "sp3" }
>> 	{ "Li+"  "Li"  "sp3" }
>> 	{ "Na+"  "Na"  "sp3" }
>> 	{ "K+"  "K"  "sp3" }
>> 	{ "Rb+"  "Rb"  "sp3" }
>> 	{ "Cs+"  "Cs"  "sp3" }
>> 	{ "Mg+"  "Mg"  "sp3" }
>>     { "Tl+"  "Tl"  "sp3" }
>>     { "Cu+"  "Cu"  "sp3" }
>>     { "Ag+"  "Ag"  "sp3" }
>>     { "NH4+"  "N"  "sp3" }
>>     { "H3O+"  "O"  "sp3" }
>>     { "Be2+" "Be"  "sp3" }
>>     { "Cu2+" "Cu"  "sp3" }
>>     { "Ni2+" "Ni"  "sp3" }
>>     { "Pt2+" "Pt"  "sp3" }
>>     { "Zn2+" "Zn"  "sp3" }
>>     { "Co2+" "Co"  "sp3" }
>>     { "Pd2+" "Pd"  "sp3" }
>>     { "Ag2+" "Ag"  "sp3" }
>>     { "Cr2+" "Cr"  "sp3" }
>>     { "Fe2+" "Fe"  "sp3" }
>>     { "Mg2+" "Mg"  "sp3" }
>>     { "V2+"  "V"   "sp3" }
>>     { "Mn2+" "Mn"  "sp3" }
>>     { "Hg2+" "Hg"  "sp3" }
>>     { "Cd2+" "Cd"  "sp3" }
>>     { "Yb2+" "Yb"  "sp3" }
>>     { "Ca2+" "Ca"  "sp3" }
>>     { "Sn2+" "Sn"  "sp3" }
>>     { "Pb2+" "Pb"  "sp3" }
>>     { "Eu2+" "Eu"  "sp3" }
>>     { "Sr2+" "Sr"  "sp3" }
>>     { "Sm2+" "Sm"  "sp3" }
>>     { "Ba2+" "Ba"  "sp3" }
>>     { "Ra2+" "Ra"  "sp3" }
>>     { "Al3+" "Al"  "sp3" }
>>     { "Fe3+" "Fe"  "sp3" }
>>     { "Cr3+" "Cr"  "sp3" }
>>     { "In3+" "In"  "sp3" }
>>     { "Tl3+" "Tl"  "sp3" }
>>     { "Y3+"  "Y"   "sp3" }
>>     { "La3+" "La"  "sp3" }
>>     { "Ce3+" "Ce"  "sp3" }
>>     { "Pr3+" "Pr"  "sp3" }
>>     { "Nd3+" "Nd"  "sp3" }
>>     { "Sm3+" "Sm"  "sp3" }
>>     { "Eu3+" "Eu"  "sp3" }
>>     { "Gd3+" "Gd"  "sp3" }
>>     { "Tb3+" "Tb"  "sp3" }
>>     { "Dy3+" "Dy"  "sp3" }
>>     { "Er3+" "Er"  "sp3" }
>>     { "Tm3+" "Tm"  "sp3" }
>>     { "Lu3+" "Lu"  "sp3" }
>>     { "Hf4+" "Hf"  "sp3" }
>>     { "Zr4+" "Zr"  "sp3" }
>>     { "Ce4+" "Ce"  "sp3" }
>>     { "U4+"  "U"   "sp3" }
>>     { "Pu4+" "Pu"  "sp3" }
>>     { "Th4+" "Th"  "sp3" }
>> }
>> loadOff atomic_ions.lib
Loading library: /home/ron/miniconda3/envs/AmberTools23/dat/leap/lib/atomic_ions.lib
Loading: AG
Loading: AL
Loading: Ag
Loading: BA
Loading: BR
Loading: Be
Loading: CA
Loading: CD
Loading: CE
Loading: CL
Loading: CO
Loading: CR
Loading: CS
Loading: CU
Loading: CU1
Loading: Ce
Loading: Cl-
Loading: Cr
Loading: Dy
Loading: EU
Loading: EU3
Loading: Er
Loading: F
Loading: FE
Loading: FE2
Loading: GD3
Loading: H3O+
Loading: HE+
Loading: HG
Loading: HZ+
Loading: Hf
Loading: IN
Loading: IOD
Loading: K
Loading: K+
Loading: LA
Loading: LI
Loading: LU
Loading: MG
Loading: MN
Loading: NA
Loading: NH4
Loading: NI
Loading: Na+
Loading: Nd
Loading: PB
Loading: PD
Loading: PR
Loading: PT
Loading: Pu
Loading: RB
Loading: Ra
Loading: SM
Loading: SR
Loading: Sm
Loading: Sn
Loading: TB
Loading: TL
Loading: Th
Loading: Tl
Loading: Tm
Loading: U4+
Loading: V2+
Loading: Y
Loading: YB2
Loading: ZN
Loading: Zr
>> loadOff solvents.lib
Loading library: /home/ron/miniconda3/envs/AmberTools23/dat/leap/lib/solvents.lib
Loading: CHCL3BOX
Loading: DC4
Loading: FB3
Loading: FB3BOX
Loading: FB4
Loading: FB4BOX
Loading: MEOHBOX
Loading: NMABOX
Loading: O3P
Loading: OP3
Loading: OPC
Loading: OPC3BOX
Loading: OPC3POLBOX
Loading: OPCBOX
Loading: PL3
Loading: POL3BOX
Loading: QSPCFWBOX
Loading: SPC
Loading: SPCBOX
Loading: SPCFWBOX
Loading: SPF
Loading: SPG
Loading: T4E
Loading: TIP3PBOX
Loading: TIP3PFBOX
Loading: TIP4PBOX
Loading: TIP4PEWBOX
Loading: TIP5PBOX
Loading: TP3
Loading: TP4
Loading: TP5
Loading: TPF
>> HOH = TP3
>> WAT = TP3
>> loadAmberParams frcmod.tip3p
Loading parameters: /home/ron/miniconda3/envs/AmberTools23/dat/leap/parm/frcmod.tip3p
Reading force field modification type file (frcmod)
Reading title:
This is the additional/replacement parameter set for TIP3P water
>> loadAmberParams frcmod.ions1lm_126_tip3p
Loading parameters: /home/ron/miniconda3/envs/AmberTools23/dat/leap/parm/frcmod.ions1lm_126_tip3p
Reading force field modification type file (frcmod)
Reading title:
Li/Merz ion parameters of monovalent ions for TIP3P water model (12-6 normal usage set)
>> loadAmberParams frcmod.ionsjc_tip3p
Loading parameters: /home/ron/miniconda3/envs/AmberTools23/dat/leap/parm/frcmod.ionsjc_tip3p
Reading force field modification type file (frcmod)
Reading title:
Monovalent ion parameters for Ewald and TIP3P water from Joung & Cheatham JPCB (2008)
>> loadAmberParams frcmod.ions234lm_126_tip3p
Loading parameters: /home/ron/miniconda3/envs/AmberTools23/dat/leap/parm/frcmod.ions234lm_126_tip3p
Reading force field modification type file (frcmod)
Reading title:
Li/Merz ion parameters of divalent to tetravalent ions for TIP3P water model (12-6 normal usage set)
>> 
> 
>     source /home/ron/miniconda3/envs/AmberTools23/dat/leap/cmd/leaprc.gaff
----- Source: /home/ron/miniconda3/envs/AmberTools23/dat/leap/cmd/leaprc.gaff
----- Source of /home/ron/miniconda3/envs/AmberTools23/dat/leap/cmd/leaprc.gaff done
>> logFile leap.log
log started: Wed Jul 10 18:10:05 2024

Log file: ./leap.log
>> #
>> # ----- leaprc for loading the general Amber Force field.
>> #       This file is mostly for use with Antechamber
>> #
>> #	load atom type hybridizations
>> #
>> addAtomTypes {
>> 	{ "h1"  "H" "sp3" }
>> 	{ "h2"  "H" "sp3" }
>> 	{ "h3"  "H" "sp3" }
>> 	{ "h4"  "H" "sp3" }
>> 	{ "h5"  "H" "sp3" }
>> 	{ "ha"  "H" "sp3" }
>> 	{ "hc"  "H" "sp3" }
>> 	{ "hn"  "H" "sp3" }
>> 	{ "ho"  "H" "sp3" }
>> 	{ "hp"  "H" "sp3" }
>> 	{ "hs"  "H" "sp3" }
>> 	{ "hw"  "H" "sp3" }
>> 	{ "hx"  "H" "sp3" }
>> 	{ "o"  "O" "sp2" }
>> 	{ "o2"  "O" "sp2" }
>> 	{ "oh"  "O" "sp3" }
>> 	{ "op"  "O" "sp3" }
>> 	{ "oq"  "O" "sp3" }
>> 	{ "os"  "O" "sp3" }
>> 	{ "ow"  "O" "sp3" }
>> 	{ "c"  "C" "sp2" }
>> 	{ "c1"  "C" "sp2" }
>> 	{ "c2"  "C" "sp2" }
>> 	{ "c3"  "C" "sp3" }
>> 	{ "ca"  "C" "sp2" }
>> 	{ "cc"  "C" "sp2" }
>> 	{ "cd"  "C" "sp2" }
>> 	{ "ce"  "C" "sp2" }
>> 	{ "cf"  "C" "sp2" }
>> 	{ "cg"  "C" "sp2" }
>> 	{ "ch"  "C" "sp2" }
>> 	{ "cp"  "C" "sp2" }
>> 	{ "cq"  "C" "sp2" }
>> 	{ "cu"  "C" "sp2" }
>> 	{ "cv"  "C" "sp2" }
>> 	{ "cx"  "C" "sp2" }
>> 	{ "cy"  "C" "sp2" }
>> 	{ "cz"  "C" "sp2" }
>> 	{ "n"   "N" "sp2" }
>> 	{ "n1"  "N" "sp2" }
>> 	{ "n2"  "N" "sp2" }
>> 	{ "n3"  "N" "sp3" }
>> 	{ "n4"  "N" "sp3" }
>> 	{ "na"  "N" "sp2" }
>> 	{ "nb"  "N" "sp2" }
>> 	{ "nc"  "N" "sp2" }
>> 	{ "nd"  "N" "sp2" }
>> 	{ "ne"  "N" "sp2" }
>> 	{ "nf"  "N" "sp2" }
>> 	{ "nh"  "N" "sp2" }
>> 	{ "ni"  "N" "sp2" }
>> 	{ "nj"  "N" "sp2" }
>> 	{ "nk"  "N" "sp3" }
>> 	{ "nl"  "N" "sp3" }
>> 	{ "nm"  "N" "sp2" }
>> 	{ "nn"  "N" "sp2" }
>> 	{ "no"  "N" "sp2" }
>> 	{ "np"  "N" "sp3" }
>> 	{ "nq"  "N" "sp3" }
>> 	{ "s"   "S" "sp2" }
>> 	{ "s2"   "S" "sp2" }
>> 	{ "s3"   "S" "sp3" }
>> 	{ "s4"   "S" "sp3" }
>> 	{ "s6"   "S" "sp3" }
>> 	{ "sh"   "S" "sp3" }
>> 	{ "sp"   "S" "sp3" }
>> 	{ "sq"   "S" "sp3" }
>> 	{ "ss"   "S" "sp3" }
>> 	{ "sx"   "S" "sp3" }
>> 	{ "sy"   "S" "sp3" }
>> 	{ "p2"   "P" "sp2" }
>> 	{ "p3"   "P" "sp3" }
>> 	{ "p4"   "P" "sp3" }
>> 	{ "p5"   "P" "sp3" }
>> 	{ "pb"   "P" "sp3" }
>> 	{ "pc"   "P" "sp3" }
>> 	{ "pd"   "P" "sp3" }
>> 	{ "pe"   "P" "sp3" }
>> 	{ "pf"   "P" "sp3" }
>> 	{ "px"   "P" "sp3" }
>> 	{ "py"   "P" "sp3" }
>> 	{ "f"   "F" "sp3" }
>> 	{ "cl"  "Cl" "sp3" }
>> 	{ "br"  "Br" "sp3" }
>> 	{ "i"   "I"  "sp3" }
>> }
>> #
>> #	Load the general force field parameter set.
>> #
>> gaff = loadamberparams gaff.dat
Loading parameters: /home/ron/miniconda3/envs/AmberTools23/dat/leap/parm/gaff.dat
Reading title:
AMBER General Force Field for organic molecules (Version 1.81, May 2017)
> 
>     loadamberparams /home/ron/miniconda3/envs/AmberTools23/dat/leap/parm/frcmod.ionsjc_tip3p
Loading parameters: /home/ron/miniconda3/envs/AmberTools23/dat/leap/parm/frcmod.ionsjc_tip3p
Reading force field modification type file (frcmod)
Reading title:
Monovalent ion parameters for Ewald and TIP3P water from Joung & Cheatham JPCB (2008)
>     loadamberparams EFZ.frcmod
Loading parameters: ./EFZ.frcmod
Reading force field modification type file (frcmod)
Reading title:
Remark line goes here
>     loadamberprep EFZ_sybyl_resp_gaff.prepc
Loading Prep file: ./EFZ_sybyl_resp_gaff.prepc
Loaded UNIT: MOL
>     complex  = loadpdb /home/ron/work/NEW_SIMULATIONBOXES/test2/6fxb/clab/6fxb_dimer_minus_2_proton.pdb_box_size_8.399999999999999_8.399999999999999_8.399999999999999/6fxb_dimer_minus_2_proton.pdb_8.399999999999999_8.399999999999999_8.399999999999999_clab_ph6_20_mol_with_TER.pdb # change: name of pdb file, protonate first
Loading PDB file: /home/ron/work/NEW_SIMULATIONBOXES/test2/6fxb/clab/6fxb_dimer_minus_2_proton.pdb_box_size_8.399999999999999_8.399999999999999_8.399999999999999/6fxb_dimer_minus_2_proton.pdb_8.399999999999999_8.399999999999999_8.399999999999999_clab_ph6_20_mol_with_TER.pdb
Matching PDB residue names to LEaP variables.
Mapped residue LEU, term: Terminal/beginning, seq. number: 0 to: NLEU.
Mapped residue ILE, term: Terminal/last, seq. number: 161 to: CILE.
Mapped residue LEU, term: Terminal/beginning, seq. number: 162 to: NLEU.
Mapped residue ILE, term: Terminal/last, seq. number: 323 to: CILE.
  total atoms in file: 6833
>     bond complex.106.SG complex.119.SG # change: number of residues that correspond to CYS
>     bond complex.66.SG complex.160.SG # change: number of residues that correspond to CYS
>     bond complex.268.SG complex.281.SG # change: number of residues that correspond to CYS
>     bond complex.228.SG complex.322.SG # change: number of residues that correspond to CYS
>     solvateBox complex TIP3PBOX 11.9
  Solute vdw bounding box:              95.393 94.979 94.567
  Total bounding box for atom centers:  119.193 118.779 118.367
  Solvent unit box:                     18.774 18.774 18.774
The number of boxes:  x= 7  y= 7  z= 7
  Total vdw box size:                   121.840 121.986 121.353 angstroms.
  Volume: 1803631.923 A^3 
  Total mass 942487.012 amu,  Density 0.868 g/cc
  Added 49494 residues.
>     charge complex
Total unperturbed charge: -54.999980
Total perturbed charge:   -54.999980
>     addionsrand complex Na+ 1 Cl- 1 # change: ionic strength of the experiment & 0 net charge for the system
Adding 2 counter ions to "complex". 49492 solvent molecules will remain.
0: Placed Na+ in complex at (43.39, 4.17, -3.75).
Placed Cl- in complex at (6.39, 50.80, -5.42).
>     charge complex
Total unperturbed charge: -54.999980
Total perturbed charge:   -54.999980
>     saveamberparm complex ref.prmtop ref.inpcrd
Checking Unit.

/home/ron/miniconda3/envs/AmberTools23/bin/teLeap: Warning!
The unperturbed charge of the unit (-54.999980) is not zero.

/home/ron/miniconda3/envs/AmberTools23/bin/teLeap: Note.
Ignoring the warning from Unit Checking.

Building topology.
Building atom parameters.
Building bond parameters.
Building angle parameters.
Building proper torsion parameters.
Building improper torsion parameters.
old PREP-specified impropers:
 <MOL 325>:  C2   C32  C1   O1  
 <MOL 325>:  C1   C31  C32  O18 
 <MOL 325>:  C4   C32  C31  H28 
 <MOL 325>:  C3   C1   C2   H31 
 <MOL 325>:  C2   C4   C3   H32 
 <MOL 325>:  C5   C3   C4   C31 
 <MOL 325>:  C7   C21  C6   O2  
 <MOL 325>:  C6   C8   C7   H2  
 <MOL 325>:  C7   C19  C8   C9  
 <MOL 325>:  C8   C10  C9   H3  
 <MOL 325>:  C11  C9   C10  H4  
 <MOL 325>:  C10  O9   C11  O3  
 <MOL 325>:  C14  O5   C15  O6  
 <MOL 325>:  C8   C20  C19  H15 
 <MOL 325>:  C19  C21  C20  H16 
 <MOL 325>:  C6   C20  C21  O10 
 <MOL 325>:  C22  O17  C23  O11 
 <MOL 325>:  C26  O13  C27  O14 
 <MOL 326>:  C2   C32  C1   O1  
 <MOL 326>:  C1   C31  C32  O18 
 <MOL 326>:  C4   C32  C31  H28 
 <MOL 326>:  C3   C1   C2   H31 
 <MOL 326>:  C2   C4   C3   H32 
 <MOL 326>:  C5   C3   C4   C31 
 <MOL 326>:  C7   C21  C6   O2  
 <MOL 326>:  C6   C8   C7   H2  
 <MOL 326>:  C7   C19  C8   C9  
 <MOL 326>:  C8   C10  C9   H3  
 <MOL 326>:  C11  C9   C10  H4  
 <MOL 326>:  C10  O9   C11  O3  
 <MOL 326>:  C14  O5   C15  O6  
 <MOL 326>:  C8   C20  C19  H15 
 <MOL 326>:  C19  C21  C20  H16 
 <MOL 326>:  C6   C20  C21  O10 
 <MOL 326>:  C22  O17  C23  O11 
 <MOL 326>:  C26  O13  C27  O14 
 <MOL 327>:  C2   C32  C1   O1  
 <MOL 327>:  C1   C31  C32  O18 
 <MOL 327>:  C4   C32  C31  H28 
 <MOL 327>:  C3   C1   C2   H31 
 <MOL 327>:  C2   C4   C3   H32 
 <MOL 327>:  C5   C3   C4   C31 
 <MOL 327>:  C7   C21  C6   O2  
 <MOL 327>:  C6   C8   C7   H2  
 <MOL 327>:  C7   C19  C8   C9  
 <MOL 327>:  C8   C10  C9   H3  
 <MOL 327>:  C11  C9   C10  H4  
 <MOL 327>:  C10  O9   C11  O3  
 <MOL 327>:  C14  O5   C15  O6  
 <MOL 327>:  C8   C20  C19  H15 
 <MOL 327>:  C19  C21  C20  H16 
 <MOL 327>:  C6   C20  C21  O10 
 <MOL 327>:  C22  O17  C23  O11 
 <MOL 327>:  C26  O13  C27  O14 
 <MOL 328>:  C2   C32  C1   O1  
 <MOL 328>:  C1   C31  C32  O18 
 <MOL 328>:  C4   C32  C31  H28 
 <MOL 328>:  C3   C1   C2   H31 
 <MOL 328>:  C2   C4   C3   H32 
 <MOL 328>:  C5   C3   C4   C31 
 <MOL 328>:  C7   C21  C6   O2  
 <MOL 328>:  C6   C8   C7   H2  
 <MOL 328>:  C7   C19  C8   C9  
 <MOL 328>:  C8   C10  C9   H3  
 <MOL 328>:  C11  C9   C10  H4  
 <MOL 328>:  C10  O9   C11  O3  
 <MOL 328>:  C14  O5   C15  O6  
 <MOL 328>:  C8   C20  C19  H15 
 <MOL 328>:  C19  C21  C20  H16 
 <MOL 328>:  C6   C20  C21  O10 
 <MOL 328>:  C22  O17  C23  O11 
 <MOL 328>:  C26  O13  C27  O14 
 <MOL 329>:  C2   C32  C1   O1  
 <MOL 329>:  C1   C31  C32  O18 
 <MOL 329>:  C4   C32  C31  H28 
 <MOL 329>:  C3   C1   C2   H31 
 <MOL 329>:  C2   C4   C3   H32 
 <MOL 329>:  C5   C3   C4   C31 
 <MOL 329>:  C7   C21  C6   O2  
 <MOL 329>:  C6   C8   C7   H2  
 <MOL 329>:  C7   C19  C8   C9  
 <MOL 329>:  C8   C10  C9   H3  
 <MOL 329>:  C11  C9   C10  H4  
 <MOL 329>:  C10  O9   C11  O3  
 <MOL 329>:  C14  O5   C15  O6  
 <MOL 329>:  C8   C20  C19  H15 
 <MOL 329>:  C19  C21  C20  H16 
 <MOL 329>:  C6   C20  C21  O10 
 <MOL 329>:  C22  O17  C23  O11 
 <MOL 329>:  C26  O13  C27  O14 
 <MOL 330>:  C2   C32  C1   O1  
 <MOL 330>:  C1   C31  C32  O18 
 <MOL 330>:  C4   C32  C31  H28 
 <MOL 330>:  C3   C1   C2   H31 
 <MOL 330>:  C2   C4   C3   H32 
 <MOL 330>:  C5   C3   C4   C31 
 <MOL 330>:  C7   C21  C6   O2  
 <MOL 330>:  C6   C8   C7   H2  
 <MOL 330>:  C7   C19  C8   C9  
 <MOL 330>:  C8   C10  C9   H3  
 <MOL 330>:  C11  C9   C10  H4  
 <MOL 330>:  C10  O9   C11  O3  
 <MOL 330>:  C14  O5   C15  O6  
 <MOL 330>:  C8   C20  C19  H15 
 <MOL 330>:  C19  C21  C20  H16 
 <MOL 330>:  C6   C20  C21  O10 
 <MOL 330>:  C22  O17  C23  O11 
 <MOL 330>:  C26  O13  C27  O14 
 <MOL 331>:  C2   C32  C1   O1  
 <MOL 331>:  C1   C31  C32  O18 
 <MOL 331>:  C4   C32  C31  H28 
 <MOL 331>:  C3   C1   C2   H31 
 <MOL 331>:  C2   C4   C3   H32 
 <MOL 331>:  C5   C3   C4   C31 
 <MOL 331>:  C7   C21  C6   O2  
 <MOL 331>:  C6   C8   C7   H2  
 <MOL 331>:  C7   C19  C8   C9  
 <MOL 331>:  C8   C10  C9   H3  
 <MOL 331>:  C11  C9   C10  H4  
 <MOL 331>:  C10  O9   C11  O3  
 <MOL 331>:  C14  O5   C15  O6  
 <MOL 331>:  C8   C20  C19  H15 
 <MOL 331>:  C19  C21  C20  H16 
 <MOL 331>:  C6   C20  C21  O10 
 <MOL 331>:  C22  O17  C23  O11 
 <MOL 331>:  C26  O13  C27  O14 
 <MOL 332>:  C2   C32  C1   O1  
 <MOL 332>:  C1   C31  C32  O18 
 <MOL 332>:  C4   C32  C31  H28 
 <MOL 332>:  C3   C1   C2   H31 
 <MOL 332>:  C2   C4   C3   H32 
 <MOL 332>:  C5   C3   C4   C31 
 <MOL 332>:  C7   C21  C6   O2  
 <MOL 332>:  C6   C8   C7   H2  
 <MOL 332>:  C7   C19  C8   C9  
 <MOL 332>:  C8   C10  C9   H3  
 <MOL 332>:  C11  C9   C10  H4  
 <MOL 332>:  C10  O9   C11  O3  
 <MOL 332>:  C14  O5   C15  O6  
 <MOL 332>:  C8   C20  C19  H15 
 <MOL 332>:  C19  C21  C20  H16 
 <MOL 332>:  C6   C20  C21  O10 
 <MOL 332>:  C22  O17  C23  O11 
 <MOL 332>:  C26  O13  C27  O14 
 <MOL 333>:  C2   C32  C1   O1  
 <MOL 333>:  C1   C31  C32  O18 
 <MOL 333>:  C4   C32  C31  H28 
 <MOL 333>:  C3   C1   C2   H31 
 <MOL 333>:  C2   C4   C3   H32 
 <MOL 333>:  C5   C3   C4   C31 
 <MOL 333>:  C7   C21  C6   O2  
 <MOL 333>:  C6   C8   C7   H2  
 <MOL 333>:  C7   C19  C8   C9  
 <MOL 333>:  C8   C10  C9   H3  
 <MOL 333>:  C11  C9   C10  H4  
 <MOL 333>:  C10  O9   C11  O3  
 <MOL 333>:  C14  O5   C15  O6  
 <MOL 333>:  C8   C20  C19  H15 
 <MOL 333>:  C19  C21  C20  H16 
 <MOL 333>:  C6   C20  C21  O10 
 <MOL 333>:  C22  O17  C23  O11 
 <MOL 333>:  C26  O13  C27  O14 
 <MOL 334>:  C2   C32  C1   O1  
 <MOL 334>:  C1   C31  C32  O18 
 <MOL 334>:  C4   C32  C31  H28 
 <MOL 334>:  C3   C1   C2   H31 
 <MOL 334>:  C2   C4   C3   H32 
 <MOL 334>:  C5   C3   C4   C31 
 <MOL 334>:  C7   C21  C6   O2  
 <MOL 334>:  C6   C8   C7   H2  
 <MOL 334>:  C7   C19  C8   C9  
 <MOL 334>:  C8   C10  C9   H3  
 <MOL 334>:  C11  C9   C10  H4  
 <MOL 334>:  C10  O9   C11  O3  
 <MOL 334>:  C14  O5   C15  O6  
 <MOL 334>:  C8   C20  C19  H15 
 <MOL 334>:  C19  C21  C20  H16 
 <MOL 334>:  C6   C20  C21  O10 
 <MOL 334>:  C22  O17  C23  O11 
 <MOL 334>:  C26  O13  C27  O14 
 <MOL 335>:  C2   C32  C1   O1  
 <MOL 335>:  C1   C31  C32  O18 
 <MOL 335>:  C4   C32  C31  H28 
 <MOL 335>:  C3   C1   C2   H31 
 <MOL 335>:  C2   C4   C3   H32 
 <MOL 335>:  C5   C3   C4   C31 
 <MOL 335>:  C7   C21  C6   O2  
 <MOL 335>:  C6   C8   C7   H2  
 <MOL 335>:  C7   C19  C8   C9  
 <MOL 335>:  C8   C10  C9   H3  
 <MOL 335>:  C11  C9   C10  H4  
 <MOL 335>:  C10  O9   C11  O3  
 <MOL 335>:  C14  O5   C15  O6  
 <MOL 335>:  C8   C20  C19  H15 
 <MOL 335>:  C19  C21  C20  H16 
 <MOL 335>:  C6   C20  C21  O10 
 <MOL 335>:  C22  O17  C23  O11 
 <MOL 335>:  C26  O13  C27  O14 
 <MOL 336>:  C2   C32  C1   O1  
 <MOL 336>:  C1   C31  C32  O18 
 <MOL 336>:  C4   C32  C31  H28 
 <MOL 336>:  C3   C1   C2   H31 
 <MOL 336>:  C2   C4   C3   H32 
 <MOL 336>:  C5   C3   C4   C31 
 <MOL 336>:  C7   C21  C6   O2  
 <MOL 336>:  C6   C8   C7   H2  
 <MOL 336>:  C7   C19  C8   C9  
 <MOL 336>:  C8   C10  C9   H3  
 <MOL 336>:  C11  C9   C10  H4  
 <MOL 336>:  C10  O9   C11  O3  
 <MOL 336>:  C14  O5   C15  O6  
 <MOL 336>:  C8   C20  C19  H15 
 <MOL 336>:  C19  C21  C20  H16 
 <MOL 336>:  C6   C20  C21  O10 
 <MOL 336>:  C22  O17  C23  O11 
 <MOL 336>:  C26  O13  C27  O14 
 <MOL 337>:  C2   C32  C1   O1  
 <MOL 337>:  C1   C31  C32  O18 
 <MOL 337>:  C4   C32  C31  H28 
 <MOL 337>:  C3   C1   C2   H31 
 <MOL 337>:  C2   C4   C3   H32 
 <MOL 337>:  C5   C3   C4   C31 
 <MOL 337>:  C7   C21  C6   O2  
 <MOL 337>:  C6   C8   C7   H2  
 <MOL 337>:  C7   C19  C8   C9  
 <MOL 337>:  C8   C10  C9   H3  
 <MOL 337>:  C11  C9   C10  H4  
 <MOL 337>:  C10  O9   C11  O3  
 <MOL 337>:  C14  O5   C15  O6  
 <MOL 337>:  C8   C20  C19  H15 
 <MOL 337>:  C19  C21  C20  H16 
 <MOL 337>:  C6   C20  C21  O10 
 <MOL 337>:  C22  O17  C23  O11 
 <MOL 337>:  C26  O13  C27  O14 
 <MOL 338>:  C2   C32  C1   O1  
 <MOL 338>:  C1   C31  C32  O18 
 <MOL 338>:  C4   C32  C31  H28 
 <MOL 338>:  C3   C1   C2   H31 
 <MOL 338>:  C2   C4   C3   H32 
 <MOL 338>:  C5   C3   C4   C31 
 <MOL 338>:  C7   C21  C6   O2  
 <MOL 338>:  C6   C8   C7   H2  
 <MOL 338>:  C7   C19  C8   C9  
 <MOL 338>:  C8   C10  C9   H3  
 <MOL 338>:  C11  C9   C10  H4  
 <MOL 338>:  C10  O9   C11  O3  
 <MOL 338>:  C14  O5   C15  O6  
 <MOL 338>:  C8   C20  C19  H15 
 <MOL 338>:  C19  C21  C20  H16 
 <MOL 338>:  C6   C20  C21  O10 
 <MOL 338>:  C22  O17  C23  O11 
 <MOL 338>:  C26  O13  C27  O14 
 <MOL 339>:  C2   C32  C1   O1  
 <MOL 339>:  C1   C31  C32  O18 
 <MOL 339>:  C4   C32  C31  H28 
 <MOL 339>:  C3   C1   C2   H31 
 <MOL 339>:  C2   C4   C3   H32 
 <MOL 339>:  C5   C3   C4   C31 
 <MOL 339>:  C7   C21  C6   O2  
 <MOL 339>:  C6   C8   C7   H2  
 <MOL 339>:  C7   C19  C8   C9  
 <MOL 339>:  C8   C10  C9   H3  
 <MOL 339>:  C11  C9   C10  H4  
 <MOL 339>:  C10  O9   C11  O3  
 <MOL 339>:  C14  O5   C15  O6  
 <MOL 339>:  C8   C20  C19  H15 
 <MOL 339>:  C19  C21  C20  H16 
 <MOL 339>:  C6   C20  C21  O10 
 <MOL 339>:  C22  O17  C23  O11 
 <MOL 339>:  C26  O13  C27  O14 
 <MOL 340>:  C2   C32  C1   O1  
 <MOL 340>:  C1   C31  C32  O18 
 <MOL 340>:  C4   C32  C31  H28 
 <MOL 340>:  C3   C1   C2   H31 
 <MOL 340>:  C2   C4   C3   H32 
 <MOL 340>:  C5   C3   C4   C31 
 <MOL 340>:  C7   C21  C6   O2  
 <MOL 340>:  C6   C8   C7   H2  
 <MOL 340>:  C7   C19  C8   C9  
 <MOL 340>:  C8   C10  C9   H3  
 <MOL 340>:  C11  C9   C10  H4  
 <MOL 340>:  C10  O9   C11  O3  
 <MOL 340>:  C14  O5   C15  O6  
 <MOL 340>:  C8   C20  C19  H15 
 <MOL 340>:  C19  C21  C20  H16 
 <MOL 340>:  C6   C20  C21  O10 
 <MOL 340>:  C22  O17  C23  O11 
 <MOL 340>:  C26  O13  C27  O14 
 <MOL 341>:  C2   C32  C1   O1  
 <MOL 341>:  C1   C31  C32  O18 
 <MOL 341>:  C4   C32  C31  H28 
 <MOL 341>:  C3   C1   C2   H31 
 <MOL 341>:  C2   C4   C3   H32 
 <MOL 341>:  C5   C3   C4   C31 
 <MOL 341>:  C7   C21  C6   O2  
 <MOL 341>:  C6   C8   C7   H2  
 <MOL 341>:  C7   C19  C8   C9  
 <MOL 341>:  C8   C10  C9   H3  
 <MOL 341>:  C11  C9   C10  H4  
 <MOL 341>:  C10  O9   C11  O3  
 <MOL 341>:  C14  O5   C15  O6  
 <MOL 341>:  C8   C20  C19  H15 
 <MOL 341>:  C19  C21  C20  H16 
 <MOL 341>:  C6   C20  C21  O10 
 <MOL 341>:  C22  O17  C23  O11 
 <MOL 341>:  C26  O13  C27  O14 
 <MOL 342>:  C2   C32  C1   O1  
 <MOL 342>:  C1   C31  C32  O18 
 <MOL 342>:  C4   C32  C31  H28 
 <MOL 342>:  C3   C1   C2   H31 
 <MOL 342>:  C2   C4   C3   H32 
 <MOL 342>:  C5   C3   C4   C31 
 <MOL 342>:  C7   C21  C6   O2  
 <MOL 342>:  C6   C8   C7   H2  
 <MOL 342>:  C7   C19  C8   C9  
 <MOL 342>:  C8   C10  C9   H3  
 <MOL 342>:  C11  C9   C10  H4  
 <MOL 342>:  C10  O9   C11  O3  
 <MOL 342>:  C14  O5   C15  O6  
 <MOL 342>:  C8   C20  C19  H15 
 <MOL 342>:  C19  C21  C20  H16 
 <MOL 342>:  C6   C20  C21  O10 
 <MOL 342>:  C22  O17  C23  O11 
 <MOL 342>:  C26  O13  C27  O14 
 <MOL 343>:  C2   C32  C1   O1  
 <MOL 343>:  C1   C31  C32  O18 
 <MOL 343>:  C4   C32  C31  H28 
 <MOL 343>:  C3   C1   C2   H31 
 <MOL 343>:  C2   C4   C3   H32 
 <MOL 343>:  C5   C3   C4   C31 
 <MOL 343>:  C7   C21  C6   O2  
 <MOL 343>:  C6   C8   C7   H2  
 <MOL 343>:  C7   C19  C8   C9  
 <MOL 343>:  C8   C10  C9   H3  
 <MOL 343>:  C11  C9   C10  H4  
 <MOL 343>:  C10  O9   C11  O3  
 <MOL 343>:  C14  O5   C15  O6  
 <MOL 343>:  C8   C20  C19  H15 
 <MOL 343>:  C19  C21  C20  H16 
 <MOL 343>:  C6   C20  C21  O10 
 <MOL 343>:  C22  O17  C23  O11 
 <MOL 343>:  C26  O13  C27  O14 
 <MOL 344>:  C2   C32  C1   O1  
 <MOL 344>:  C1   C31  C32  O18 
 <MOL 344>:  C4   C32  C31  H28 
 <MOL 344>:  C3   C1   C2   H31 
 <MOL 344>:  C2   C4   C3   H32 
 <MOL 344>:  C5   C3   C4   C31 
 <MOL 344>:  C7   C21  C6   O2  
 <MOL 344>:  C6   C8   C7   H2  
 <MOL 344>:  C7   C19  C8   C9  
 <MOL 344>:  C8   C10  C9   H3  
 <MOL 344>:  C11  C9   C10  H4  
 <MOL 344>:  C10  O9   C11  O3  
 <MOL 344>:  C14  O5   C15  O6  
 <MOL 344>:  C8   C20  C19  H15 
 <MOL 344>:  C19  C21  C20  H16 
 <MOL 344>:  C6   C20  C21  O10 
 <MOL 344>:  C22  O17  C23  O11 
 <MOL 344>:  C26  O13  C27  O14 
 total 1289 improper torsions applied
 360 improper torsions in old prep form
Building H-Bond parameters.
Incorporating Non-Bonded adjustments.
Not Marking per-residue atom chain types.
Marking per-residue atom chain types.
  (Residues lacking connect0/connect1 - 
   these don't have chain types marked:

	res	total affected

	CILE	2
	NLEU	2
	WAT	49492
  )
 (no restraints)
>     savepdb complex ref_dimer.pdb
Writing pdb file: ref_dimer.pdb
   printing CRYST1 record to PDB file with box info

/home/ron/miniconda3/envs/AmberTools23/bin/teLeap: Warning!
 Converting N-terminal residue name to PDB format: NLEU -> LEU

/home/ron/miniconda3/envs/AmberTools23/bin/teLeap: Warning!
 Converting C-terminal residue name to PDB format: CILE -> ILE

/home/ron/miniconda3/envs/AmberTools23/bin/teLeap: Warning!
 Converting N-terminal residue name to PDB format: NLEU -> LEU

/home/ron/miniconda3/envs/AmberTools23/bin/teLeap: Warning!
 Converting C-terminal residue name to PDB format: CILE -> ILE
>     quit
	Quit

Exiting LEaP: Errors = 0; Warnings = 5; Notes = 1.
log started: Tue Jul 16 19:32:55 2024

Log file: ./leap.log
>> #
>> # ----- leaprc for loading the ff14SB force field
>> # ----- NOTE: this is designed for PDB format 3!
>> #
>> #	load atom type hybridizations
>> #
>> addAtomTypes {
>> 	{ "H"   "H" "sp3" }
>> 	{ "HO"  "H" "sp3" }
>> 	{ "HS"  "H" "sp3" }
>> 	{ "H1"  "H" "sp3" }
>> 	{ "H2"  "H" "sp3" }
>> 	{ "H3"  "H" "sp3" }
>> 	{ "H4"  "H" "sp3" }
>> 	{ "H5"  "H" "sp3" }
>> 	{ "HW"  "H" "sp3" }
>> 	{ "HC"  "H" "sp3" }
>> 	{ "HA"  "H" "sp3" }
>> 	{ "HP"  "H" "sp3" }
>> 	{ "HZ"  "H" "sp3" }
>> 	{ "OH"  "O" "sp3" }
>> 	{ "OS"  "O" "sp3" }
>> 	{ "O"   "O" "sp2" }
>> 	{ "O2"  "O" "sp2" }
>> 	{ "OP"  "O" "sp2" }
>> 	{ "OW"  "O" "sp3" }
>> 	{ "CT"  "C" "sp3" }
>> 	{ "CX"  "C" "sp3" }
>> 	{ "C8"  "C" "sp3" }
>> 	{ "2C"  "C" "sp3" }
>> 	{ "3C"  "C" "sp3" }
>> 	{ "CH"  "C" "sp3" }
>> 	{ "CS"  "C" "sp2" }
>> 	{ "C"   "C" "sp2" }
>> 	{ "CO"   "C" "sp2" }
>> 	{ "C*"  "C" "sp2" }
>> 	{ "CA"  "C" "sp2" }
>> 	{ "CB"  "C" "sp2" }
>> 	{ "CC"  "C" "sp2" }
>> 	{ "CN"  "C" "sp2" }
>> 	{ "CM"  "C" "sp2" }
>> 	{ "CK"  "C" "sp2" }
>> 	{ "CQ"  "C" "sp2" }
>> 	{ "CD"  "C" "sp2" }
>> 	{ "C5"  "C" "sp2" }
>> 	{ "C4"  "C" "sp2" }
>> 	{ "CP"  "C" "sp2" }
>> 	{ "CI"  "C" "sp3" }
>> 	{ "CJ"  "C" "sp2" }
>> 	{ "CW"  "C" "sp2" }
>> 	{ "CV"  "C" "sp2" }
>> 	{ "CR"  "C" "sp2" }
>> 	{ "CA"  "C" "sp2" }
>> 	{ "CY"  "C" "sp2" }
>> 	{ "C0"  "Ca" "sp3" }
>> 	{ "MG"  "Mg" "sp3" }
>> 	{ "N"   "N" "sp2" }
>> 	{ "NA"  "N" "sp2" }
>> 	{ "N2"  "N" "sp2" }
>> 	{ "N*"  "N" "sp2" }
>> 	{ "NP"  "N" "sp2" }
>> 	{ "NQ"  "N" "sp2" }
>> 	{ "NB"  "N" "sp2" }
>> 	{ "NC"  "N" "sp2" }
>> 	{ "NT"  "N" "sp3" }
>> 	{ "NY"  "N" "sp2" }
>> 	{ "N3"  "N" "sp3" }
>> 	{ "S"   "S" "sp3" }
>> 	{ "SH"  "S" "sp3" }
>> 	{ "P"   "P" "sp3" }
>> 	{ "LP"  ""  "sp3" }
>> 	{ "EP"  ""  "sp3" }
>> 	{ "F"   "F" "sp3" }
>> 	{ "Cl"  "Cl" "sp3" }
>> 	{ "Br"  "Br" "sp3" }
>> 	{ "I"   "I"  "sp3" }
>> }
>> #
>> #	Load the main parameter set.
>> #
>> parm10 = loadamberparams parm10.dat
Loading parameters: /home/ron/miniconda3/envs/AmberTools23/dat/leap/parm/parm10.dat
Reading title:
PARM99 + frcmod.ff99SB + frcmod.parmbsc0 + OL3 for RNA
>> frcmod14SB = loadamberparams frcmod.ff14SB
Loading parameters: /home/ron/miniconda3/envs/AmberTools23/dat/leap/parm/frcmod.ff14SB
Reading force field modification type file (frcmod)
Reading title:
ff14SB protein backbone and sidechain parameters
>> #
>> #	Load main chain and terminating amino acid libraries
>> #
>> loadOff amino12.lib
Loading library: /home/ron/miniconda3/envs/AmberTools23/dat/leap/lib/amino12.lib
Loading: ALA
Loading: ARG
Loading: ASH
Loading: ASN
Loading: ASP
Loading: CYM
Loading: CYS
Loading: CYX
Loading: GLH
Loading: GLN
Loading: GLU
Loading: GLY
Loading: HID
Loading: HIE
Loading: HIP
Loading: HYP
Loading: ILE
Loading: LEU
Loading: LYN
Loading: LYS
Loading: MET
Loading: PHE
Loading: PRO
Loading: SER
Loading: THR
Loading: TRP
Loading: TYR
Loading: VAL
>> loadOff aminoct12.lib
Loading library: /home/ron/miniconda3/envs/AmberTools23/dat/leap/lib/aminoct12.lib
Loading: CALA
Loading: CARG
Loading: CASN
Loading: CASP
Loading: CCYS
Loading: CCYX
Loading: CGLN
Loading: CGLU
Loading: CGLY
Loading: CHID
Loading: CHIE
Loading: CHIP
Loading: CHYP
Loading: CILE
Loading: CLEU
Loading: CLYS
Loading: CMET
Loading: CPHE
Loading: CPRO
Loading: CSER
Loading: CTHR
Loading: CTRP
Loading: CTYR
Loading: CVAL
Loading: NHE
Loading: NME
>> loadOff aminont12.lib
Loading library: /home/ron/miniconda3/envs/AmberTools23/dat/leap/lib/aminont12.lib
Loading: ACE
Loading: NALA
Loading: NARG
Loading: NASN
Loading: NASP
Loading: NCYS
Loading: NCYX
Loading: NGLN
Loading: NGLU
Loading: NGLY
Loading: NHID
Loading: NHIE
Loading: NHIP
Loading: NILE
Loading: NLEU
Loading: NLYS
Loading: NMET
Loading: NPHE
Loading: NPRO
Loading: NSER
Loading: NTHR
Loading: NTRP
Loading: NTYR
Loading: NVAL
>> 
>> #
>> #	Define the PDB name map for the amino acids
>> #
>> addPdbResMap {
>>   { 0 "HYP" "HYP" } { 1 "HYP" "CHYP" }
>>   { 0 "ALA" "NALA" } { 1 "ALA" "CALA" }
>>   { 0 "ARG" "NARG" } { 1 "ARG" "CARG" }
>>   { 0 "ASN" "NASN" } { 1 "ASN" "CASN" }
>>   { 0 "ASP" "NASP" } { 1 "ASP" "CASP" }
>>   { 0 "CYS" "NCYS" } { 1 "CYS" "CCYS" }
>>   { 0 "CYX" "NCYX" } { 1 "CYX" "CCYX" }
>>   { 0 "GLN" "NGLN" } { 1 "GLN" "CGLN" }
>>   { 0 "GLU" "NGLU" } { 1 "GLU" "CGLU" }
>>   { 0 "GLY" "NGLY" } { 1 "GLY" "CGLY" }
>>   { 0 "HID" "NHID" } { 1 "HID" "CHID" }
>>   { 0 "HIE" "NHIE" } { 1 "HIE" "CHIE" }
>>   { 0 "HIP" "NHIP" } { 1 "HIP" "CHIP" }
>>   { 0 "ILE" "NILE" } { 1 "ILE" "CILE" }
>>   { 0 "LEU" "NLEU" } { 1 "LEU" "CLEU" }
>>   { 0 "LYS" "NLYS" } { 1 "LYS" "CLYS" }
>>   { 0 "MET" "NMET" } { 1 "MET" "CMET" }
>>   { 0 "PHE" "NPHE" } { 1 "PHE" "CPHE" }
>>   { 0 "PRO" "NPRO" } { 1 "PRO" "CPRO" }
>>   { 0 "SER" "NSER" } { 1 "SER" "CSER" }
>>   { 0 "THR" "NTHR" } { 1 "THR" "CTHR" }
>>   { 0 "TRP" "NTRP" } { 1 "TRP" "CTRP" }
>>   { 0 "TYR" "NTYR" } { 1 "TYR" "CTYR" }
>>   { 0 "VAL" "NVAL" } { 1 "VAL" "CVAL" }
>>   { 0 "HIS" "NHIS" } { 1 "HIS" "CHIS" }
>> }
>> 
>> #
>> # assume that most often proteins use HIE
>> #
>> NHIS = NHIE
>> HIS = HIE
>> CHIS = CHIE
> 
>     source /home/ron/miniconda3/envs/AmberTools23/dat/leap/cmd/leaprc.water.tip3p
----- Source: /home/ron/miniconda3/envs/AmberTools23/dat/leap/cmd/leaprc.water.tip3p
----- Source of /home/ron/miniconda3/envs/AmberTools23/dat/leap/cmd/leaprc.water.tip3p done
>> #
>> #       Load water and ions for TIP3P + Li/Merz monovalent ions 
>> #       + Joung-Chetham monovalent ions
>> #       + Li/Merz highly charged ions (+2 to +4, 12-6 normal usage set)
>> #
>> #       Note: the Li/Merz monovalent set is loaded only to get Tl+,
>> #          Cu+, Ag+ NH4+, H3O+.  Since we load Joung-Cheatham second,
>> #          the alkali halide parameters come from the Joung-Cheatham set
>> #
>> addAtomTypes {
>> 	{ "HW"  "H" "sp3" }
>> 	{ "OW"  "O" "sp3" }
>> 	{ "F-"   "F" "sp3" }
>> 	{ "Cl-"  "Cl" "sp3" }
>> 	{ "Br-"  "Br" "sp3" }
>> 	{ "I-"   "I"  "sp3" }
>> 	{ "Li+"  "Li"  "sp3" }
>> 	{ "Na+"  "Na"  "sp3" }
>> 	{ "K+"  "K"  "sp3" }
>> 	{ "Rb+"  "Rb"  "sp3" }
>> 	{ "Cs+"  "Cs"  "sp3" }
>> 	{ "Mg+"  "Mg"  "sp3" }
>>     { "Tl+"  "Tl"  "sp3" }
>>     { "Cu+"  "Cu"  "sp3" }
>>     { "Ag+"  "Ag"  "sp3" }
>>     { "NH4+"  "N"  "sp3" }
>>     { "H3O+"  "O"  "sp3" }
>>     { "Be2+" "Be"  "sp3" }
>>     { "Cu2+" "Cu"  "sp3" }
>>     { "Ni2+" "Ni"  "sp3" }
>>     { "Pt2+" "Pt"  "sp3" }
>>     { "Zn2+" "Zn"  "sp3" }
>>     { "Co2+" "Co"  "sp3" }
>>     { "Pd2+" "Pd"  "sp3" }
>>     { "Ag2+" "Ag"  "sp3" }
>>     { "Cr2+" "Cr"  "sp3" }
>>     { "Fe2+" "Fe"  "sp3" }
>>     { "Mg2+" "Mg"  "sp3" }
>>     { "V2+"  "V"   "sp3" }
>>     { "Mn2+" "Mn"  "sp3" }
>>     { "Hg2+" "Hg"  "sp3" }
>>     { "Cd2+" "Cd"  "sp3" }
>>     { "Yb2+" "Yb"  "sp3" }
>>     { "Ca2+" "Ca"  "sp3" }
>>     { "Sn2+" "Sn"  "sp3" }
>>     { "Pb2+" "Pb"  "sp3" }
>>     { "Eu2+" "Eu"  "sp3" }
>>     { "Sr2+" "Sr"  "sp3" }
>>     { "Sm2+" "Sm"  "sp3" }
>>     { "Ba2+" "Ba"  "sp3" }
>>     { "Ra2+" "Ra"  "sp3" }
>>     { "Al3+" "Al"  "sp3" }
>>     { "Fe3+" "Fe"  "sp3" }
>>     { "Cr3+" "Cr"  "sp3" }
>>     { "In3+" "In"  "sp3" }
>>     { "Tl3+" "Tl"  "sp3" }
>>     { "Y3+"  "Y"   "sp3" }
>>     { "La3+" "La"  "sp3" }
>>     { "Ce3+" "Ce"  "sp3" }
>>     { "Pr3+" "Pr"  "sp3" }
>>     { "Nd3+" "Nd"  "sp3" }
>>     { "Sm3+" "Sm"  "sp3" }
>>     { "Eu3+" "Eu"  "sp3" }
>>     { "Gd3+" "Gd"  "sp3" }
>>     { "Tb3+" "Tb"  "sp3" }
>>     { "Dy3+" "Dy"  "sp3" }
>>     { "Er3+" "Er"  "sp3" }
>>     { "Tm3+" "Tm"  "sp3" }
>>     { "Lu3+" "Lu"  "sp3" }
>>     { "Hf4+" "Hf"  "sp3" }
>>     { "Zr4+" "Zr"  "sp3" }
>>     { "Ce4+" "Ce"  "sp3" }
>>     { "U4+"  "U"   "sp3" }
>>     { "Pu4+" "Pu"  "sp3" }
>>     { "Th4+" "Th"  "sp3" }
>> }
>> loadOff atomic_ions.lib
Loading library: /home/ron/miniconda3/envs/AmberTools23/dat/leap/lib/atomic_ions.lib
Loading: AG
Loading: AL
Loading: Ag
Loading: BA
Loading: BR
Loading: Be
Loading: CA
Loading: CD
Loading: CE
Loading: CL
Loading: CO
Loading: CR
Loading: CS
Loading: CU
Loading: CU1
Loading: Ce
Loading: Cl-
Loading: Cr
Loading: Dy
Loading: EU
Loading: EU3
Loading: Er
Loading: F
Loading: FE
Loading: FE2
Loading: GD3
Loading: H3O+
Loading: HE+
Loading: HG
Loading: HZ+
Loading: Hf
Loading: IN
Loading: IOD
Loading: K
Loading: K+
Loading: LA
Loading: LI
Loading: LU
Loading: MG
Loading: MN
Loading: NA
Loading: NH4
Loading: NI
Loading: Na+
Loading: Nd
Loading: PB
Loading: PD
Loading: PR
Loading: PT
Loading: Pu
Loading: RB
Loading: Ra
Loading: SM
Loading: SR
Loading: Sm
Loading: Sn
Loading: TB
Loading: TL
Loading: Th
Loading: Tl
Loading: Tm
Loading: U4+
Loading: V2+
Loading: Y
Loading: YB2
Loading: ZN
Loading: Zr
>> loadOff solvents.lib
Loading library: /home/ron/miniconda3/envs/AmberTools23/dat/leap/lib/solvents.lib
Loading: CHCL3BOX
Loading: DC4
Loading: FB3
Loading: FB3BOX
Loading: FB4
Loading: FB4BOX
Loading: MEOHBOX
Loading: NMABOX
Loading: O3P
Loading: OP3
Loading: OPC
Loading: OPC3BOX
Loading: OPC3POLBOX
Loading: OPCBOX
Loading: PL3
Loading: POL3BOX
Loading: QSPCFWBOX
Loading: SPC
Loading: SPCBOX
Loading: SPCFWBOX
Loading: SPF
Loading: SPG
Loading: T4E
Loading: TIP3PBOX
Loading: TIP3PFBOX
Loading: TIP4PBOX
Loading: TIP4PEWBOX
Loading: TIP5PBOX
Loading: TP3
Loading: TP4
Loading: TP5
Loading: TPF
>> HOH = TP3
>> WAT = TP3
>> loadAmberParams frcmod.tip3p
Loading parameters: /home/ron/miniconda3/envs/AmberTools23/dat/leap/parm/frcmod.tip3p
Reading force field modification type file (frcmod)
Reading title:
This is the additional/replacement parameter set for TIP3P water
>> loadAmberParams frcmod.ions1lm_126_tip3p
Loading parameters: /home/ron/miniconda3/envs/AmberTools23/dat/leap/parm/frcmod.ions1lm_126_tip3p
Reading force field modification type file (frcmod)
Reading title:
Li/Merz ion parameters of monovalent ions for TIP3P water model (12-6 normal usage set)
>> loadAmberParams frcmod.ionsjc_tip3p
Loading parameters: /home/ron/miniconda3/envs/AmberTools23/dat/leap/parm/frcmod.ionsjc_tip3p
Reading force field modification type file (frcmod)
Reading title:
Monovalent ion parameters for Ewald and TIP3P water from Joung & Cheatham JPCB (2008)
>> loadAmberParams frcmod.ions234lm_126_tip3p
Loading parameters: /home/ron/miniconda3/envs/AmberTools23/dat/leap/parm/frcmod.ions234lm_126_tip3p
Reading force field modification type file (frcmod)
Reading title:
Li/Merz ion parameters of divalent to tetravalent ions for TIP3P water model (12-6 normal usage set)
>> 
> 
>     source /home/ron/miniconda3/envs/AmberTools23/dat/leap/cmd/leaprc.gaff
----- Source: /home/ron/miniconda3/envs/AmberTools23/dat/leap/cmd/leaprc.gaff
----- Source of /home/ron/miniconda3/envs/AmberTools23/dat/leap/cmd/leaprc.gaff done
>> logFile leap.log
log started: Tue Jul 16 19:32:55 2024

Log file: ./leap.log
>> #
>> # ----- leaprc for loading the general Amber Force field.
>> #       This file is mostly for use with Antechamber
>> #
>> #	load atom type hybridizations
>> #
>> addAtomTypes {
>> 	{ "h1"  "H" "sp3" }
>> 	{ "h2"  "H" "sp3" }
>> 	{ "h3"  "H" "sp3" }
>> 	{ "h4"  "H" "sp3" }
>> 	{ "h5"  "H" "sp3" }
>> 	{ "ha"  "H" "sp3" }
>> 	{ "hc"  "H" "sp3" }
>> 	{ "hn"  "H" "sp3" }
>> 	{ "ho"  "H" "sp3" }
>> 	{ "hp"  "H" "sp3" }
>> 	{ "hs"  "H" "sp3" }
>> 	{ "hw"  "H" "sp3" }
>> 	{ "hx"  "H" "sp3" }
>> 	{ "o"  "O" "sp2" }
>> 	{ "o2"  "O" "sp2" }
>> 	{ "oh"  "O" "sp3" }
>> 	{ "op"  "O" "sp3" }
>> 	{ "oq"  "O" "sp3" }
>> 	{ "os"  "O" "sp3" }
>> 	{ "ow"  "O" "sp3" }
>> 	{ "c"  "C" "sp2" }
>> 	{ "c1"  "C" "sp2" }
>> 	{ "c2"  "C" "sp2" }
>> 	{ "c3"  "C" "sp3" }
>> 	{ "ca"  "C" "sp2" }
>> 	{ "cc"  "C" "sp2" }
>> 	{ "cd"  "C" "sp2" }
>> 	{ "ce"  "C" "sp2" }
>> 	{ "cf"  "C" "sp2" }
>> 	{ "cg"  "C" "sp2" }
>> 	{ "ch"  "C" "sp2" }
>> 	{ "cp"  "C" "sp2" }
>> 	{ "cq"  "C" "sp2" }
>> 	{ "cu"  "C" "sp2" }
>> 	{ "cv"  "C" "sp2" }
>> 	{ "cx"  "C" "sp2" }
>> 	{ "cy"  "C" "sp2" }
>> 	{ "cz"  "C" "sp2" }
>> 	{ "n"   "N" "sp2" }
>> 	{ "n1"  "N" "sp2" }
>> 	{ "n2"  "N" "sp2" }
>> 	{ "n3"  "N" "sp3" }
>> 	{ "n4"  "N" "sp3" }
>> 	{ "na"  "N" "sp2" }
>> 	{ "nb"  "N" "sp2" }
>> 	{ "nc"  "N" "sp2" }
>> 	{ "nd"  "N" "sp2" }
>> 	{ "ne"  "N" "sp2" }
>> 	{ "nf"  "N" "sp2" }
>> 	{ "nh"  "N" "sp2" }
>> 	{ "ni"  "N" "sp2" }
>> 	{ "nj"  "N" "sp2" }
>> 	{ "nk"  "N" "sp3" }
>> 	{ "nl"  "N" "sp3" }
>> 	{ "nm"  "N" "sp2" }
>> 	{ "nn"  "N" "sp2" }
>> 	{ "no"  "N" "sp2" }
>> 	{ "np"  "N" "sp3" }
>> 	{ "nq"  "N" "sp3" }
>> 	{ "s"   "S" "sp2" }
>> 	{ "s2"   "S" "sp2" }
>> 	{ "s3"   "S" "sp3" }
>> 	{ "s4"   "S" "sp3" }
>> 	{ "s6"   "S" "sp3" }
>> 	{ "sh"   "S" "sp3" }
>> 	{ "sp"   "S" "sp3" }
>> 	{ "sq"   "S" "sp3" }
>> 	{ "ss"   "S" "sp3" }
>> 	{ "sx"   "S" "sp3" }
>> 	{ "sy"   "S" "sp3" }
>> 	{ "p2"   "P" "sp2" }
>> 	{ "p3"   "P" "sp3" }
>> 	{ "p4"   "P" "sp3" }
>> 	{ "p5"   "P" "sp3" }
>> 	{ "pb"   "P" "sp3" }
>> 	{ "pc"   "P" "sp3" }
>> 	{ "pd"   "P" "sp3" }
>> 	{ "pe"   "P" "sp3" }
>> 	{ "pf"   "P" "sp3" }
>> 	{ "px"   "P" "sp3" }
>> 	{ "py"   "P" "sp3" }
>> 	{ "f"   "F" "sp3" }
>> 	{ "cl"  "Cl" "sp3" }
>> 	{ "br"  "Br" "sp3" }
>> 	{ "i"   "I"  "sp3" }
>> }
>> #
>> #	Load the general force field parameter set.
>> #
>> gaff = loadamberparams gaff.dat
Loading parameters: /home/ron/miniconda3/envs/AmberTools23/dat/leap/parm/gaff.dat
Reading title:
AMBER General Force Field for organic molecules (Version 1.81, May 2017)
> 
>     loadamberparams /home/ron/miniconda3/envs/AmberTools23/dat/leap/parm/frcmod.ionsjc_tip3p
Loading parameters: /home/ron/miniconda3/envs/AmberTools23/dat/leap/parm/frcmod.ionsjc_tip3p
Reading force field modification type file (frcmod)
Reading title:
Monovalent ion parameters for Ewald and TIP3P water from Joung & Cheatham JPCB (2008)
>     loadamberparams EFZ.frcmod
Loading parameters: ./EFZ.frcmod
Reading force field modification type file (frcmod)
Reading title:
Remark line goes here
>     loadamberprep EFZ_sybyl_resp_gaff.prepc
Loading Prep file: ./EFZ_sybyl_resp_gaff.prepc
Loaded UNIT: MOL
>     complex  = loadpdb /home/ron/work/NEW_SIMULATIONBOXES/test2/6fxb/clab/6fxb_dimer_minus_2_proton.pdb_box_size_8.399999999999999_8.399999999999999_8.399999999999999/6fxb_dimer_minus_2_proton.pdb_8.399999999999999_8.399999999999999_8.399999999999999_clab_ph6_20_mol_with_TER.pdb # change: name of pdb file, protonate first
Loading PDB file: /home/ron/work/NEW_SIMULATIONBOXES/test2/6fxb/clab/6fxb_dimer_minus_2_proton.pdb_box_size_8.399999999999999_8.399999999999999_8.399999999999999/6fxb_dimer_minus_2_proton.pdb_8.399999999999999_8.399999999999999_8.399999999999999_clab_ph6_20_mol_with_TER.pdb
Matching PDB residue names to LEaP variables.
Mapped residue LEU, term: Terminal/beginning, seq. number: 0 to: NLEU.
Mapped residue ILE, term: Terminal/last, seq. number: 161 to: CILE.
Mapped residue LEU, term: Terminal/beginning, seq. number: 162 to: NLEU.
Mapped residue ILE, term: Terminal/last, seq. number: 323 to: CILE.
  total atoms in file: 6833
>     bond complex.106.SG complex.119.SG # change: number of residues that correspond to CYS
>     bond complex.66.SG complex.160.SG # change: number of residues that correspond to CYS
>     bond complex.268.SG complex.281.SG # change: number of residues that correspond to CYS
>     bond complex.228.SG complex.322.SG # change: number of residues that correspond to CYS
>     solvateBox complex TIP3PBOX 11.9
  Solute vdw bounding box:              95.393 94.979 94.567
  Total bounding box for atom centers:  119.193 118.779 118.367
  Solvent unit box:                     18.774 18.774 18.774
The number of boxes:  x= 7  y= 7  z= 7
  Total vdw box size:                   121.840 121.986 121.353 angstroms.
  Volume: 1803631.923 A^3 
  Total mass 942487.012 amu,  Density 0.868 g/cc
  Added 49494 residues.
>     charge complex
Total unperturbed charge: -54.999980
Total perturbed charge:   -54.999980
>     addionsrand complex Na+ 114 Cl- 59 # change: ionic strength of the experiment & 0 net charge for the system
Adding 173 counter ions to "complex". 49321 solvent molecules will remain.
0: Placed Na+ in complex at (27.07, 20.50, -46.49).
Placed Cl- in complex at (-50.14, -16.88, 38.14).
0: Placed Na+ in complex at (-52.69, -11.11, -21.69).
Placed Cl- in complex at (11.11, -40.30, -12.19).
0: Placed Na+ in complex at (-28.39, -47.89, 23.01).
Placed Cl- in complex at (18.86, -23.70, 46.44).
0: Placed Na+ in complex at (-58.87, -33.54, 56.88).
Placed Cl- in complex at (-3.91, -14.63, -33.01).
0: Placed Na+ in complex at (-33.00, -30.10, 57.49).
Placed Cl- in complex at (-29.16, 52.10, -58.49).
0: Placed Na+ in complex at (21.95, 16.47, 51.93).
Placed Cl- in complex at (43.42, -15.07, 26.63).
0: Placed Na+ in complex at (-30.82, -27.05, 4.29).
Placed Cl- in complex at (36.65, -56.67, 1.88).
0: Placed Na+ in complex at (-24.12, 51.80, -0.91).
Placed Cl- in complex at (-11.23, 25.72, 6.06).
0: Placed Na+ in complex at (47.28, -2.83, -43.47).
Placed Cl- in complex at (-37.20, -33.71, 31.25).
0: Placed Na+ in complex at (52.46, 50.58, 25.48).
Placed Cl- in complex at (-23.35, 59.22, -42.75).
0: Placed Na+ in complex at (49.88, -30.37, 13.34).
Placed Cl- in complex at (-19.67, -37.89, -16.89).
0: Placed Na+ in complex at (-11.13, -58.35, -53.45).
Placed Cl- in complex at (7.19, -5.61, -51.48).
0: Placed Na+ in complex at (2.37, -19.86, 20.50).
Placed Cl- in complex at (-0.69, 39.26, 4.36).
0: Placed Na+ in complex at (40.29, -45.02, 6.83).
Placed Cl- in complex at (-16.57, -33.11, -35.51).
0: Placed Na+ in complex at (35.93, 54.91, -11.10).
Placed Cl- in complex at (-32.70, 35.09, -15.24).
0: Placed Na+ in complex at (-31.37, -35.65, 19.36).
Placed Cl- in complex at (-50.48, -14.60, -41.29).
0: Placed Na+ in complex at (-57.92, -44.12, -27.04).
Placed Cl- in complex at (-29.84, 38.98, 43.12).
0: Placed Na+ in complex at (37.02, 27.49, -3.29).
Placed Cl- in complex at (-34.37, 54.01, -23.17).
0: Placed Na+ in complex at (19.34, 45.96, -25.42).
Placed Cl- in complex at (11.36, 48.00, -52.65).
0: Placed Na+ in complex at (-52.71, -46.46, 55.17).
Placed Cl- in complex at (-25.82, -53.52, 6.40).
0: Placed Na+ in complex at (0.01, 27.05, 57.84).
Placed Cl- in complex at (-12.90, -52.62, 26.63).
0: Placed Na+ in complex at (-7.67, 34.80, -30.97).
Placed Cl- in complex at (-26.20, 22.86, 16.88).
0: Placed Na+ in complex at (53.20, 2.17, 40.27).
Placed Cl- in complex at (-39.65, -12.36, -52.88).
0: Placed Na+ in complex at (-17.94, -12.58, -45.53).
Placed Cl- in complex at (-6.29, -20.06, 27.43).
0: Placed Na+ in complex at (-14.83, 21.13, 40.04).
Placed Cl- in complex at (-44.60, 18.31, -50.98).
0: Placed Na+ in complex at (-38.68, 52.92, 11.90).
Placed Cl- in complex at (10.30, 49.35, 24.80).
0: Placed Na+ in complex at (8.53, -33.01, 25.22).
Placed Cl- in complex at (-55.49, -12.58, -7.99).
0: Placed Na+ in complex at (-53.53, -14.59, -47.55).
Placed Cl- in complex at (34.72, 44.11, 7.99).
0: Placed Na+ in complex at (-53.94, 49.80, 16.21).
Placed Cl- in complex at (-31.67, -33.84, -10.92).
0: Placed Na+ in complex at (40.34, 4.19, -28.78).
Placed Cl- in complex at (-19.30, 8.71, -3.29).
0: Placed Na+ in complex at (7.89, 19.53, 58.91).
Placed Cl- in complex at (41.94, 12.07, -33.00).
0: Placed Na+ in complex at (10.16, -52.89, -52.08).
Placed Cl- in complex at (3.61, -46.46, 36.40).
0: Placed Na+ in complex at (-9.99, 4.69, -27.37).
Placed Cl- in complex at (18.10, -33.63, -22.30).
0: Placed Na+ in complex at (29.46, -11.33, 39.33).
Placed Cl- in complex at (12.10, 15.12, 51.23).
0: Placed Na+ in complex at (25.06, -29.13, -2.31).
Placed Cl- in complex at (-21.93, 45.85, 15.00).
0: Placed Na+ in complex at (-27.25, -6.98, -50.30).
Placed Cl- in complex at (-41.40, -9.65, -44.11).
0: Placed Na+ in complex at (20.15, -3.45, -55.84).
Placed Cl- in complex at (7.47, 54.21, 36.90).
0: Placed Na+ in complex at (57.97, 36.99, 5.74).
Placed Cl- in complex at (-52.34, 37.54, -33.23).
0: Placed Na+ in complex at (-17.87, 19.84, -18.53).
Placed Cl- in complex at (-11.12, -50.49, 32.77).
0: Placed Na+ in complex at (20.42, -6.71, 51.05).
Placed Cl- in complex at (41.41, 10.05, 28.00).
0: Placed Na+ in complex at (35.04, 20.08, -24.95).
Placed Cl- in complex at (35.39, 43.68, -25.42).
0: Placed Na+ in complex at (45.13, -57.51, 43.24).
Placed Cl- in complex at (-29.17, 15.36, -11.36).
0: Placed Na+ in complex at (-3.62, 34.93, 47.09).
Placed Cl- in complex at (42.57, -38.45, 27.17).
0: Placed Na+ in complex at (-48.08, 20.21, -6.10).
Placed Cl- in complex at (-30.36, 50.71, 42.39).
0: Placed Na+ in complex at (-40.67, 58.50, 21.49).
Placed Cl- in complex at (-23.46, 50.57, 2.55).
0: Placed Na+ in complex at (-47.20, 44.89, 28.06).
Placed Cl- in complex at (20.00, -45.54, -54.22).
0: Placed Na+ in complex at (-13.23, -11.19, -33.33).
Placed Cl- in complex at (-37.45, -44.68, 7.19).
0: Placed Na+ in complex at (-29.66, 19.53, -34.96).
Placed Cl- in complex at (49.48, 53.17, -17.59).
0: Placed Na+ in complex at (47.70, -52.89, 23.01).
Placed Cl- in complex at (-49.21, -11.48, 11.65).
0: Placed Na+ in complex at (-35.16, -44.07, -40.11).
Placed Cl- in complex at (-11.07, -54.89, 24.35).
0: Placed Na+ in complex at (20.34, -54.35, 25.25).
Placed Cl- in complex at (12.22, -54.97, -43.45).
0: Placed Na+ in complex at (-36.40, 45.31, -38.90).
Placed Cl- in complex at (27.56, -51.64, 10.18).
0: Placed Na+ in complex at (-8.19, -11.76, 44.56).
Placed Cl- in complex at (51.22, 24.19, 20.10).
0: Placed Na+ in complex at (3.23, 33.15, 26.01).
Placed Cl- in complex at (26.32, -11.83, -50.26).
0: Placed Na+ in complex at (23.13, -39.88, 30.58).
Placed Cl- in complex at (24.21, 15.42, -12.77).
0: Placed Na+ in complex at (-41.92, -45.02, -33.01).
Placed Cl- in complex at (-14.91, 47.60, -9.54).
0: Placed Na+ in complex at (-21.61, 45.56, -32.07).
Placed Cl- in complex at (29.38, -10.03, 11.31).
0: Placed Na+ in complex at (0.93, -12.34, -34.23).
Placed Cl- in complex at (-42.09, 1.31, 48.17).
0: Placed Na+ in complex at (9.78, 53.18, 28.61).
Placed Cl- in complex at (47.71, 22.11, -25.36).
0: Placed Na+ in complex at (36.35, -23.18, 0.13).
0: Placed Na+ in complex at (12.03, 47.53, -30.60).
0: Placed Na+ in complex at (37.35, -32.26, 8.41).
0: Placed Na+ in complex at (-15.95, -43.18, -55.18).
0: Placed Na+ in complex at (-23.15, -7.47, 23.32).
0: Placed Na+ in complex at (-5.97, 26.57, 4.96).
0: Placed Na+ in complex at (-51.96, -10.25, 50.77).
0: Placed Na+ in complex at (-17.13, 12.07, -42.82).
0: Placed Na+ in complex at (31.74, -32.69, -48.48).
0: Placed Na+ in complex at (29.52, -24.38, 54.33).
0: Placed Na+ in complex at (2.20, -14.34, 39.59).
0: Placed Na+ in complex at (-34.31, -53.17, 17.84).
0: Placed Na+ in complex at (17.77, 48.06, -19.90).
0: Placed Na+ in complex at (-10.58, -19.11, 52.38).
0: Placed Na+ in complex at (12.44, -13.61, -52.41).
0: Placed Na+ in complex at (-57.97, -22.02, -4.00).
0: Placed Na+ in complex at (-6.74, 47.53, 25.72).
0: Placed Na+ in complex at (-44.59, 21.58, 6.40).
0: Placed Na+ in complex at (-59.05, 44.93, -36.86).
0: Placed Na+ in complex at (39.37, 21.12, -26.85).
0: Placed Na+ in complex at (-26.95, -47.58, 48.86).
0: Placed Na+ in complex at (-54.12, 23.21, 58.36).
0: Placed Na+ in complex at (30.12, 41.64, 35.66).
0: Placed Na+ in complex at (-52.34, 37.54, 41.87).
0: Placed Na+ in complex at (2.77, 36.84, -20.41).
0: Placed Na+ in complex at (-5.06, -25.93, 30.71).
0: Placed Na+ in complex at (-50.28, 4.72, 48.08).
0: Placed Na+ in complex at (-41.60, -39.86, 34.55).
0: Placed Na+ in complex at (-10.39, -41.77, -20.95).
0: Placed Na+ in complex at (-57.92, -44.12, 48.06).
0: Placed Na+ in complex at (42.09, -30.10, -17.61).
0: Placed Na+ in complex at (-37.53, -47.07, 24.51).
0: Placed Na+ in complex at (52.41, 22.92, 42.08).
0: Placed Na+ in complex at (-5.35, 14.25, -0.91).
0: Placed Na+ in complex at (42.10, -54.57, -12.38).
0: Placed Na+ in complex at (47.28, -21.61, -5.92).
0: Placed Na+ in complex at (-4.06, -21.09, -40.55).
0: Placed Na+ in complex at (-38.56, 29.28, 55.20).
0: Placed Na+ in complex at (17.18, 30.98, -45.81).
0: Placed Na+ in complex at (14.09, 42.79, 12.22).
0: Placed Na+ in complex at (-54.83, 42.34, 25.00).
0: Placed Na+ in complex at (12.44, 42.71, -52.41).
0: Placed Na+ in complex at (49.82, 52.54, 29.54).
0: Placed Na+ in complex at (-17.94, 43.74, -45.53).
0: Placed Na+ in complex at (-48.68, -45.20, 35.70).
0: Placed Na+ in complex at (-19.46, 39.26, -33.19).
0: Placed Na+ in complex at (42.10, -35.79, -31.16).
0: Placed Na+ in complex at (-8.05, 27.26, -40.43).
0: Placed Na+ in complex at (-28.10, 52.39, -52.34).
0: Placed Na+ in complex at (0.02, 28.02, -31.81).
0: Placed Na+ in complex at (45.19, 29.89, -20.62).
0: Placed Na+ in complex at (45.19, -26.43, -58.17).
0: Placed Na+ in complex at (53.22, 55.02, 22.97).
0: Placed Na+ in complex at (19.61, -50.13, 29.56).
0: Placed Na+ in complex at (31.05, -22.55, 48.31).
>     charge complex
Total unperturbed charge:   0.000020
Total perturbed charge:     0.000020
>     saveamberparm complex ref.prmtop ref.inpcrd
Checking Unit.
Building topology.
Building atom parameters.
Building bond parameters.
Building angle parameters.
Building proper torsion parameters.
Building improper torsion parameters.
old PREP-specified impropers:
 <MOL 325>:  C2   C32  C1   O1  
 <MOL 325>:  C1   C31  C32  O18 
 <MOL 325>:  C4   C32  C31  H28 
 <MOL 325>:  C3   C1   C2   H31 
 <MOL 325>:  C2   C4   C3   H32 
 <MOL 325>:  C5   C3   C4   C31 
 <MOL 325>:  C7   C21  C6   O2  
 <MOL 325>:  C6   C8   C7   H2  
 <MOL 325>:  C7   C19  C8   C9  
 <MOL 325>:  C8   C10  C9   H3  
 <MOL 325>:  C11  C9   C10  H4  
 <MOL 325>:  C10  O9   C11  O3  
 <MOL 325>:  C14  O5   C15  O6  
 <MOL 325>:  C8   C20  C19  H15 
 <MOL 325>:  C19  C21  C20  H16 
 <MOL 325>:  C6   C20  C21  O10 
 <MOL 325>:  C22  O17  C23  O11 
 <MOL 325>:  C26  O13  C27  O14 
 <MOL 326>:  C2   C32  C1   O1  
 <MOL 326>:  C1   C31  C32  O18 
 <MOL 326>:  C4   C32  C31  H28 
 <MOL 326>:  C3   C1   C2   H31 
 <MOL 326>:  C2   C4   C3   H32 
 <MOL 326>:  C5   C3   C4   C31 
 <MOL 326>:  C7   C21  C6   O2  
 <MOL 326>:  C6   C8   C7   H2  
 <MOL 326>:  C7   C19  C8   C9  
 <MOL 326>:  C8   C10  C9   H3  
 <MOL 326>:  C11  C9   C10  H4  
 <MOL 326>:  C10  O9   C11  O3  
 <MOL 326>:  C14  O5   C15  O6  
 <MOL 326>:  C8   C20  C19  H15 
 <MOL 326>:  C19  C21  C20  H16 
 <MOL 326>:  C6   C20  C21  O10 
 <MOL 326>:  C22  O17  C23  O11 
 <MOL 326>:  C26  O13  C27  O14 
 <MOL 327>:  C2   C32  C1   O1  
 <MOL 327>:  C1   C31  C32  O18 
 <MOL 327>:  C4   C32  C31  H28 
 <MOL 327>:  C3   C1   C2   H31 
 <MOL 327>:  C2   C4   C3   H32 
 <MOL 327>:  C5   C3   C4   C31 
 <MOL 327>:  C7   C21  C6   O2  
 <MOL 327>:  C6   C8   C7   H2  
 <MOL 327>:  C7   C19  C8   C9  
 <MOL 327>:  C8   C10  C9   H3  
 <MOL 327>:  C11  C9   C10  H4  
 <MOL 327>:  C10  O9   C11  O3  
 <MOL 327>:  C14  O5   C15  O6  
 <MOL 327>:  C8   C20  C19  H15 
 <MOL 327>:  C19  C21  C20  H16 
 <MOL 327>:  C6   C20  C21  O10 
 <MOL 327>:  C22  O17  C23  O11 
 <MOL 327>:  C26  O13  C27  O14 
 <MOL 328>:  C2   C32  C1   O1  
 <MOL 328>:  C1   C31  C32  O18 
 <MOL 328>:  C4   C32  C31  H28 
 <MOL 328>:  C3   C1   C2   H31 
 <MOL 328>:  C2   C4   C3   H32 
 <MOL 328>:  C5   C3   C4   C31 
 <MOL 328>:  C7   C21  C6   O2  
 <MOL 328>:  C6   C8   C7   H2  
 <MOL 328>:  C7   C19  C8   C9  
 <MOL 328>:  C8   C10  C9   H3  
 <MOL 328>:  C11  C9   C10  H4  
 <MOL 328>:  C10  O9   C11  O3  
 <MOL 328>:  C14  O5   C15  O6  
 <MOL 328>:  C8   C20  C19  H15 
 <MOL 328>:  C19  C21  C20  H16 
 <MOL 328>:  C6   C20  C21  O10 
 <MOL 328>:  C22  O17  C23  O11 
 <MOL 328>:  C26  O13  C27  O14 
 <MOL 329>:  C2   C32  C1   O1  
 <MOL 329>:  C1   C31  C32  O18 
 <MOL 329>:  C4   C32  C31  H28 
 <MOL 329>:  C3   C1   C2   H31 
 <MOL 329>:  C2   C4   C3   H32 
 <MOL 329>:  C5   C3   C4   C31 
 <MOL 329>:  C7   C21  C6   O2  
 <MOL 329>:  C6   C8   C7   H2  
 <MOL 329>:  C7   C19  C8   C9  
 <MOL 329>:  C8   C10  C9   H3  
 <MOL 329>:  C11  C9   C10  H4  
 <MOL 329>:  C10  O9   C11  O3  
 <MOL 329>:  C14  O5   C15  O6  
 <MOL 329>:  C8   C20  C19  H15 
 <MOL 329>:  C19  C21  C20  H16 
 <MOL 329>:  C6   C20  C21  O10 
 <MOL 329>:  C22  O17  C23  O11 
 <MOL 329>:  C26  O13  C27  O14 
 <MOL 330>:  C2   C32  C1   O1  
 <MOL 330>:  C1   C31  C32  O18 
 <MOL 330>:  C4   C32  C31  H28 
 <MOL 330>:  C3   C1   C2   H31 
 <MOL 330>:  C2   C4   C3   H32 
 <MOL 330>:  C5   C3   C4   C31 
 <MOL 330>:  C7   C21  C6   O2  
 <MOL 330>:  C6   C8   C7   H2  
 <MOL 330>:  C7   C19  C8   C9  
 <MOL 330>:  C8   C10  C9   H3  
 <MOL 330>:  C11  C9   C10  H4  
 <MOL 330>:  C10  O9   C11  O3  
 <MOL 330>:  C14  O5   C15  O6  
 <MOL 330>:  C8   C20  C19  H15 
 <MOL 330>:  C19  C21  C20  H16 
 <MOL 330>:  C6   C20  C21  O10 
 <MOL 330>:  C22  O17  C23  O11 
 <MOL 330>:  C26  O13  C27  O14 
 <MOL 331>:  C2   C32  C1   O1  
 <MOL 331>:  C1   C31  C32  O18 
 <MOL 331>:  C4   C32  C31  H28 
 <MOL 331>:  C3   C1   C2   H31 
 <MOL 331>:  C2   C4   C3   H32 
 <MOL 331>:  C5   C3   C4   C31 
 <MOL 331>:  C7   C21  C6   O2  
 <MOL 331>:  C6   C8   C7   H2  
 <MOL 331>:  C7   C19  C8   C9  
 <MOL 331>:  C8   C10  C9   H3  
 <MOL 331>:  C11  C9   C10  H4  
 <MOL 331>:  C10  O9   C11  O3  
 <MOL 331>:  C14  O5   C15  O6  
 <MOL 331>:  C8   C20  C19  H15 
 <MOL 331>:  C19  C21  C20  H16 
 <MOL 331>:  C6   C20  C21  O10 
 <MOL 331>:  C22  O17  C23  O11 
 <MOL 331>:  C26  O13  C27  O14 
 <MOL 332>:  C2   C32  C1   O1  
 <MOL 332>:  C1   C31  C32  O18 
 <MOL 332>:  C4   C32  C31  H28 
 <MOL 332>:  C3   C1   C2   H31 
 <MOL 332>:  C2   C4   C3   H32 
 <MOL 332>:  C5   C3   C4   C31 
 <MOL 332>:  C7   C21  C6   O2  
 <MOL 332>:  C6   C8   C7   H2  
 <MOL 332>:  C7   C19  C8   C9  
 <MOL 332>:  C8   C10  C9   H3  
 <MOL 332>:  C11  C9   C10  H4  
 <MOL 332>:  C10  O9   C11  O3  
 <MOL 332>:  C14  O5   C15  O6  
 <MOL 332>:  C8   C20  C19  H15 
 <MOL 332>:  C19  C21  C20  H16 
 <MOL 332>:  C6   C20  C21  O10 
 <MOL 332>:  C22  O17  C23  O11 
 <MOL 332>:  C26  O13  C27  O14 
 <MOL 333>:  C2   C32  C1   O1  
 <MOL 333>:  C1   C31  C32  O18 
 <MOL 333>:  C4   C32  C31  H28 
 <MOL 333>:  C3   C1   C2   H31 
 <MOL 333>:  C2   C4   C3   H32 
 <MOL 333>:  C5   C3   C4   C31 
 <MOL 333>:  C7   C21  C6   O2  
 <MOL 333>:  C6   C8   C7   H2  
 <MOL 333>:  C7   C19  C8   C9  
 <MOL 333>:  C8   C10  C9   H3  
 <MOL 333>:  C11  C9   C10  H4  
 <MOL 333>:  C10  O9   C11  O3  
 <MOL 333>:  C14  O5   C15  O6  
 <MOL 333>:  C8   C20  C19  H15 
 <MOL 333>:  C19  C21  C20  H16 
 <MOL 333>:  C6   C20  C21  O10 
 <MOL 333>:  C22  O17  C23  O11 
 <MOL 333>:  C26  O13  C27  O14 
 <MOL 334>:  C2   C32  C1   O1  
 <MOL 334>:  C1   C31  C32  O18 
 <MOL 334>:  C4   C32  C31  H28 
 <MOL 334>:  C3   C1   C2   H31 
 <MOL 334>:  C2   C4   C3   H32 
 <MOL 334>:  C5   C3   C4   C31 
 <MOL 334>:  C7   C21  C6   O2  
 <MOL 334>:  C6   C8   C7   H2  
 <MOL 334>:  C7   C19  C8   C9  
 <MOL 334>:  C8   C10  C9   H3  
 <MOL 334>:  C11  C9   C10  H4  
 <MOL 334>:  C10  O9   C11  O3  
 <MOL 334>:  C14  O5   C15  O6  
 <MOL 334>:  C8   C20  C19  H15 
 <MOL 334>:  C19  C21  C20  H16 
 <MOL 334>:  C6   C20  C21  O10 
 <MOL 334>:  C22  O17  C23  O11 
 <MOL 334>:  C26  O13  C27  O14 
 <MOL 335>:  C2   C32  C1   O1  
 <MOL 335>:  C1   C31  C32  O18 
 <MOL 335>:  C4   C32  C31  H28 
 <MOL 335>:  C3   C1   C2   H31 
 <MOL 335>:  C2   C4   C3   H32 
 <MOL 335>:  C5   C3   C4   C31 
 <MOL 335>:  C7   C21  C6   O2  
 <MOL 335>:  C6   C8   C7   H2  
 <MOL 335>:  C7   C19  C8   C9  
 <MOL 335>:  C8   C10  C9   H3  
 <MOL 335>:  C11  C9   C10  H4  
 <MOL 335>:  C10  O9   C11  O3  
 <MOL 335>:  C14  O5   C15  O6  
 <MOL 335>:  C8   C20  C19  H15 
 <MOL 335>:  C19  C21  C20  H16 
 <MOL 335>:  C6   C20  C21  O10 
 <MOL 335>:  C22  O17  C23  O11 
 <MOL 335>:  C26  O13  C27  O14 
 <MOL 336>:  C2   C32  C1   O1  
 <MOL 336>:  C1   C31  C32  O18 
 <MOL 336>:  C4   C32  C31  H28 
 <MOL 336>:  C3   C1   C2   H31 
 <MOL 336>:  C2   C4   C3   H32 
 <MOL 336>:  C5   C3   C4   C31 
 <MOL 336>:  C7   C21  C6   O2  
 <MOL 336>:  C6   C8   C7   H2  
 <MOL 336>:  C7   C19  C8   C9  
 <MOL 336>:  C8   C10  C9   H3  
 <MOL 336>:  C11  C9   C10  H4  
 <MOL 336>:  C10  O9   C11  O3  
 <MOL 336>:  C14  O5   C15  O6  
 <MOL 336>:  C8   C20  C19  H15 
 <MOL 336>:  C19  C21  C20  H16 
 <MOL 336>:  C6   C20  C21  O10 
 <MOL 336>:  C22  O17  C23  O11 
 <MOL 336>:  C26  O13  C27  O14 
 <MOL 337>:  C2   C32  C1   O1  
 <MOL 337>:  C1   C31  C32  O18 
 <MOL 337>:  C4   C32  C31  H28 
 <MOL 337>:  C3   C1   C2   H31 
 <MOL 337>:  C2   C4   C3   H32 
 <MOL 337>:  C5   C3   C4   C31 
 <MOL 337>:  C7   C21  C6   O2  
 <MOL 337>:  C6   C8   C7   H2  
 <MOL 337>:  C7   C19  C8   C9  
 <MOL 337>:  C8   C10  C9   H3  
 <MOL 337>:  C11  C9   C10  H4  
 <MOL 337>:  C10  O9   C11  O3  
 <MOL 337>:  C14  O5   C15  O6  
 <MOL 337>:  C8   C20  C19  H15 
 <MOL 337>:  C19  C21  C20  H16 
 <MOL 337>:  C6   C20  C21  O10 
 <MOL 337>:  C22  O17  C23  O11 
 <MOL 337>:  C26  O13  C27  O14 
 <MOL 338>:  C2   C32  C1   O1  
 <MOL 338>:  C1   C31  C32  O18 
 <MOL 338>:  C4   C32  C31  H28 
 <MOL 338>:  C3   C1   C2   H31 
 <MOL 338>:  C2   C4   C3   H32 
 <MOL 338>:  C5   C3   C4   C31 
 <MOL 338>:  C7   C21  C6   O2  
 <MOL 338>:  C6   C8   C7   H2  
 <MOL 338>:  C7   C19  C8   C9  
 <MOL 338>:  C8   C10  C9   H3  
 <MOL 338>:  C11  C9   C10  H4  
 <MOL 338>:  C10  O9   C11  O3  
 <MOL 338>:  C14  O5   C15  O6  
 <MOL 338>:  C8   C20  C19  H15 
 <MOL 338>:  C19  C21  C20  H16 
 <MOL 338>:  C6   C20  C21  O10 
 <MOL 338>:  C22  O17  C23  O11 
 <MOL 338>:  C26  O13  C27  O14 
 <MOL 339>:  C2   C32  C1   O1  
 <MOL 339>:  C1   C31  C32  O18 
 <MOL 339>:  C4   C32  C31  H28 
 <MOL 339>:  C3   C1   C2   H31 
 <MOL 339>:  C2   C4   C3   H32 
 <MOL 339>:  C5   C3   C4   C31 
 <MOL 339>:  C7   C21  C6   O2  
 <MOL 339>:  C6   C8   C7   H2  
 <MOL 339>:  C7   C19  C8   C9  
 <MOL 339>:  C8   C10  C9   H3  
 <MOL 339>:  C11  C9   C10  H4  
 <MOL 339>:  C10  O9   C11  O3  
 <MOL 339>:  C14  O5   C15  O6  
 <MOL 339>:  C8   C20  C19  H15 
 <MOL 339>:  C19  C21  C20  H16 
 <MOL 339>:  C6   C20  C21  O10 
 <MOL 339>:  C22  O17  C23  O11 
 <MOL 339>:  C26  O13  C27  O14 
 <MOL 340>:  C2   C32  C1   O1  
 <MOL 340>:  C1   C31  C32  O18 
 <MOL 340>:  C4   C32  C31  H28 
 <MOL 340>:  C3   C1   C2   H31 
 <MOL 340>:  C2   C4   C3   H32 
 <MOL 340>:  C5   C3   C4   C31 
 <MOL 340>:  C7   C21  C6   O2  
 <MOL 340>:  C6   C8   C7   H2  
 <MOL 340>:  C7   C19  C8   C9  
 <MOL 340>:  C8   C10  C9   H3  
 <MOL 340>:  C11  C9   C10  H4  
 <MOL 340>:  C10  O9   C11  O3  
 <MOL 340>:  C14  O5   C15  O6  
 <MOL 340>:  C8   C20  C19  H15 
 <MOL 340>:  C19  C21  C20  H16 
 <MOL 340>:  C6   C20  C21  O10 
 <MOL 340>:  C22  O17  C23  O11 
 <MOL 340>:  C26  O13  C27  O14 
 <MOL 341>:  C2   C32  C1   O1  
 <MOL 341>:  C1   C31  C32  O18 
 <MOL 341>:  C4   C32  C31  H28 
 <MOL 341>:  C3   C1   C2   H31 
 <MOL 341>:  C2   C4   C3   H32 
 <MOL 341>:  C5   C3   C4   C31 
 <MOL 341>:  C7   C21  C6   O2  
 <MOL 341>:  C6   C8   C7   H2  
 <MOL 341>:  C7   C19  C8   C9  
 <MOL 341>:  C8   C10  C9   H3  
 <MOL 341>:  C11  C9   C10  H4  
 <MOL 341>:  C10  O9   C11  O3  
 <MOL 341>:  C14  O5   C15  O6  
 <MOL 341>:  C8   C20  C19  H15 
 <MOL 341>:  C19  C21  C20  H16 
 <MOL 341>:  C6   C20  C21  O10 
 <MOL 341>:  C22  O17  C23  O11 
 <MOL 341>:  C26  O13  C27  O14 
 <MOL 342>:  C2   C32  C1   O1  
 <MOL 342>:  C1   C31  C32  O18 
 <MOL 342>:  C4   C32  C31  H28 
 <MOL 342>:  C3   C1   C2   H31 
 <MOL 342>:  C2   C4   C3   H32 
 <MOL 342>:  C5   C3   C4   C31 
 <MOL 342>:  C7   C21  C6   O2  
 <MOL 342>:  C6   C8   C7   H2  
 <MOL 342>:  C7   C19  C8   C9  
 <MOL 342>:  C8   C10  C9   H3  
 <MOL 342>:  C11  C9   C10  H4  
 <MOL 342>:  C10  O9   C11  O3  
 <MOL 342>:  C14  O5   C15  O6  
 <MOL 342>:  C8   C20  C19  H15 
 <MOL 342>:  C19  C21  C20  H16 
 <MOL 342>:  C6   C20  C21  O10 
 <MOL 342>:  C22  O17  C23  O11 
 <MOL 342>:  C26  O13  C27  O14 
 <MOL 343>:  C2   C32  C1   O1  
 <MOL 343>:  C1   C31  C32  O18 
 <MOL 343>:  C4   C32  C31  H28 
 <MOL 343>:  C3   C1   C2   H31 
 <MOL 343>:  C2   C4   C3   H32 
 <MOL 343>:  C5   C3   C4   C31 
 <MOL 343>:  C7   C21  C6   O2  
 <MOL 343>:  C6   C8   C7   H2  
 <MOL 343>:  C7   C19  C8   C9  
 <MOL 343>:  C8   C10  C9   H3  
 <MOL 343>:  C11  C9   C10  H4  
 <MOL 343>:  C10  O9   C11  O3  
 <MOL 343>:  C14  O5   C15  O6  
 <MOL 343>:  C8   C20  C19  H15 
 <MOL 343>:  C19  C21  C20  H16 
 <MOL 343>:  C6   C20  C21  O10 
 <MOL 343>:  C22  O17  C23  O11 
 <MOL 343>:  C26  O13  C27  O14 
 <MOL 344>:  C2   C32  C1   O1  
 <MOL 344>:  C1   C31  C32  O18 
 <MOL 344>:  C4   C32  C31  H28 
 <MOL 344>:  C3   C1   C2   H31 
 <MOL 344>:  C2   C4   C3   H32 
 <MOL 344>:  C5   C3   C4   C31 
 <MOL 344>:  C7   C21  C6   O2  
 <MOL 344>:  C6   C8   C7   H2  
 <MOL 344>:  C7   C19  C8   C9  
 <MOL 344>:  C8   C10  C9   H3  
 <MOL 344>:  C11  C9   C10  H4  
 <MOL 344>:  C10  O9   C11  O3  
 <MOL 344>:  C14  O5   C15  O6  
 <MOL 344>:  C8   C20  C19  H15 
 <MOL 344>:  C19  C21  C20  H16 
 <MOL 344>:  C6   C20  C21  O10 
 <MOL 344>:  C22  O17  C23  O11 
 <MOL 344>:  C26  O13  C27  O14 
 total 1289 improper torsions applied
 360 improper torsions in old prep form
Building H-Bond parameters.
Incorporating Non-Bonded adjustments.
Not Marking per-residue atom chain types.
Marking per-residue atom chain types.
  (Residues lacking connect0/connect1 - 
   these don't have chain types marked:

	res	total affected

	CILE	2
	NLEU	2
	WAT	49321
  )
 (no restraints)
>     savepdb complex ref_dimer.pdb
Writing pdb file: ref_dimer.pdb
   printing CRYST1 record to PDB file with box info

/home/ron/miniconda3/envs/AmberTools23/bin/teLeap: Warning!
 Converting N-terminal residue name to PDB format: NLEU -> LEU

/home/ron/miniconda3/envs/AmberTools23/bin/teLeap: Warning!
 Converting C-terminal residue name to PDB format: CILE -> ILE

/home/ron/miniconda3/envs/AmberTools23/bin/teLeap: Warning!
 Converting N-terminal residue name to PDB format: NLEU -> LEU

/home/ron/miniconda3/envs/AmberTools23/bin/teLeap: Warning!
 Converting C-terminal residue name to PDB format: CILE -> ILE
>     quit
	Quit

Exiting LEaP: Errors = 0; Warnings = 4; Notes = 0.
