            --------------------------------------------------------
                             AMBER SQM VERSION 19
 
                                     By
              Ross C. Walker, Michael F. Crowley, Scott Brozell,
                         Tim Giese, Andreas W. Goetz,
                        Tai-Sung Lee and David A. Case
 
            --------------------------------------------------------
 

--------------------------------------------------------------------------------
  QM CALCULATION INFO
--------------------------------------------------------------------------------

| QMMM: Citation for AMBER QMMM Run:
| QMMM: R.C. Walker, M.F. Crowley and D.A. Case, J. COMP. CHEM. 29:1019, 2008

QMMM: SINGLET STATE CALCULATION
QMMM: RHF CALCULATION, NO. OF DOUBLY OCCUPIED LEVELS = 67

| QMMM: *** Selected Hamiltonian *** 
| QMMM: AM1         

| QMMM: *** Parameter sets in use ***
| QMMM: O : M.J.S.DEWAR et al. JACS, 107, 3902, (1985)
| QMMM: C : M.J.S.DEWAR et al. JACS, 107, 3902, (1985)
| QMMM: H : M.J.S.DEWAR et al. JACS, 107, 3902, (1985)

| QMMM: *** SCF convergence criteria ***
| QMMM: Energy change                :  0.1D-09 kcal/mol
| QMMM: Error matrix |FP-PF|         :  0.1D+00 au
| QMMM: Density matrix change        :  0.5D-06
| QMMM: Maximum number of SCF cycles :     1000

| QMMM: *** Diagonalization Routine Information ***
| QMMM: Pseudo diagonalizations are allowed.
| QMMM: Auto diagonalization routine selection is in use.
| QMMM:
| QMMM: Timing diagonalization routines:
| QMMM:                              norbs =      115
| QMMM:    diag iterations used for timing =       10
| QMMM:
| QMMM:              Internal diag routine = 0.042221 seconds
| QMMM:                 Dspev diag routine = 0.255126 seconds
| QMMM:                Dspevd diag routine = 0.114818 seconds
| QMMM:                Dspevx diag routine = 0.341253 seconds
| QMMM:                 Dsyev diag routine = 0.156647 seconds
| QMMM:                Dsyevd diag routine = 0.102845 seconds
| QMMM:                Dsyevr diag routine = 0.119386 seconds
| QMMM:
| QMMM:                Pseudo diag routine = 0.019982 seconds
| QMMM:
| QMMM: Using internal diagonalization routine (diag_routine=1).

  QMMM: QM Region Cartesian Coordinates (*=link atom) 
  QMMM: QM_NO.   MM_NO.  ATOM         X         Y         Z
  QMMM:     1        1      O       -2.1900    0.5760   -0.1190
  QMMM:     2        2      C       -0.9830    0.1380   -0.0600
  QMMM:     3        3      C       -0.3950   -0.1200    1.1770
  QMMM:     4        4      C        0.9350   -0.5650    1.2470
  QMMM:     5        5      C        1.6790   -0.7830    0.0750
  QMMM:     6        6      C        3.1790   -1.1690    0.1020
  QMMM:     7        7      O        3.8750   -0.5460   -0.9990
  QMMM:     8        8      C        4.0190    0.8180   -0.8250
  QMMM:     9        9      C        4.0510    1.6220   -1.9570
  QMMM:    10       10      C        4.1410    3.0120   -1.8180
  QMMM:    11       11      C        4.1900    3.6070   -0.5450
  QMMM:    12       12      C        4.2020    5.0800   -0.3620
  QMMM:    13       13      C        4.4660    6.0140   -1.3100
  QMMM:    14       14      C        4.4220    7.5400   -1.0740
  QMMM:    15       15      O        4.1280    7.9220    0.0810
  QMMM:    16       16      O        4.7020    8.2100   -2.0970
  QMMM:    17       17      C        4.1980    2.7730    0.5870
  QMMM:    18       18      C        4.1140    1.3880    0.4560
  QMMM:    19       19      O        4.0180    0.6390    1.6170
  QMMM:    20       20      C        3.9530   -0.8000    1.4130
  QMMM:    21       21      C        5.3360   -1.5250    1.4510
  QMMM:    22       22      O        6.3360   -0.9130    1.9010
  QMMM:    23       23      O        5.3680   -2.7440    1.1450
  QMMM:    24       24      C        1.0500   -0.5870   -1.1660
  QMMM:    25       25      C       -0.2500   -0.0900   -1.2380
  QMMM:    26       26      O       -0.8120    0.1960   -2.4670
  QMMM:    27       27      H       -0.9620    0.0370    2.0770
  QMMM:    28       28      H        1.3680   -0.7130    2.2260
  QMMM:    29       29      H        3.1900   -2.2480   -0.0570
  QMMM:    30       30      H        3.9760    1.1660   -2.9320
  QMMM:    31       31      H        4.1380    3.6220   -2.7080
  QMMM:    32       32      H        3.9520    5.4380    0.6290
  QMMM:    33       33      H        4.7240    5.7070   -2.3100
  QMMM:    34       34      H        4.2420    3.1860    1.5830
  QMMM:    35       35      H        3.4570   -1.2370    2.2770
  QMMM:    36       36      H        1.6000   -0.7670   -2.0840
  QMMM:    37       37      H       -1.6520    0.5930   -2.1860

--------------------------------------------------------------------------------
  RESULTS
--------------------------------------------------------------------------------

      iter         sqm energy              rms gradient
      ----    -------------------    -----------------------
xmin    10     -216.1589 kcal/mol        1.7245 kcal/(mol*A)
xmin    20     -217.5051 kcal/mol        0.9726 kcal/(mol*A)
xmin    30     -218.5474 kcal/mol        0.4736 kcal/(mol*A)
xmin    40     -218.8092 kcal/mol        0.5813 kcal/(mol*A)
xmin    50     -219.0807 kcal/mol        0.7703 kcal/(mol*A)
xmin    60     -220.0863 kcal/mol        1.2241 kcal/(mol*A)
xmin    70     -220.4850 kcal/mol        0.1329 kcal/(mol*A)
xmin    80     -220.5005 kcal/mol        0.1966 kcal/(mol*A)
xmin    90     -220.5069 kcal/mol        0.0511 kcal/(mol*A)
xmin   100     -220.5352 kcal/mol        0.0451 kcal/(mol*A)
xmin   110     -216.3185 kcal/mol       12.5687 kcal/(mol*A)
xmin   120     -220.5309 kcal/mol        0.1426 kcal/(mol*A)
xmin   130     -220.5364 kcal/mol        0.0208 kcal/(mol*A)
xmin   140     -220.5429 kcal/mol        0.0265 kcal/(mol*A)
xmin   150     -220.5435 kcal/mol        0.0089 kcal/(mol*A)
xmin   160     -220.5437 kcal/mol        0.0094 kcal/(mol*A)
xmin   170     -220.5437 kcal/mol        0.0049 kcal/(mol*A)
xmin   180     -220.5437 kcal/mol        0.0017 kcal/(mol*A)
xmin   190     -220.5437 kcal/mol        0.0009 kcal/(mol*A)
  ... geometry converged !
 
 Final MO eigenvalues (eV):
 -33.7510  -31.9405  -31.1097  -30.1104  -29.6801  -28.9969  -28.9576  -27.9282
 -26.2329  -25.5490  -25.4920  -23.8818  -23.5188  -22.4906  -21.3625  -19.8889
 -17.9339  -16.2280  -15.7677  -14.9013  -14.2429  -13.4742  -11.8052  -11.5983
 -11.2026  -10.5058   -9.8590   -9.3993   -8.9009   -8.8243   -8.7034   -8.3708
  -7.8185   -7.6350   -7.2555   -7.2022   -7.0707   -7.0472   -6.7451   -6.6932
  -6.5177   -6.3892   -6.3049   -6.2186   -5.7244   -5.5043   -5.2992   -5.2525
  -5.0491   -4.7101   -4.5850   -4.4509   -3.9764   -3.6401   -3.4724   -2.8408
  -1.9615   -1.8798   -1.7744   -1.5264   -1.4857   -1.3785   -1.3532   -1.2590
  -0.9866   -0.6578    0.4680    7.4635    7.8598    8.7770    8.9572    9.1068
  10.0859   10.3765   10.4358   10.8815   11.1013   11.2366   11.3196   11.3308
  11.4828   11.5934   11.6111   11.7095   11.7589   11.8358   11.9586   11.9742
  12.1782   12.2669   12.3227   12.3930   12.4178   12.5155   12.6083   12.6861
  12.7346   12.8232   12.8578   13.2138   13.2612   13.3560   13.4445   13.5162
  13.7218   13.8302   13.9325   14.0461   14.2196   14.3835   15.6024   15.8481
  16.0125   16.6546   16.9246

 Heat of formation   =       -220.54371227 kcal/mol  (       -9.56349301 eV)

 Total SCF energy    =    -115704.06344936 kcal/mol  (    -5017.30468971 eV)
 Electronic energy   =    -744252.99101769 kcal/mol  (   -32273.23147382 eV)
 Core-core repulsion =     628548.92756833 kcal/mol  (    27255.92678411 eV)
 
    Atomic Charges for Step       1 :
  Atom    Element       Mulliken Charge
     1      O                 -0.585
     2      C                  0.236
     3      C                 -0.340
     4      C                 -0.052
     5      C                 -0.243
     6      C                  0.072
     7      O                 -0.211
     8      C                  0.041
     9      C                 -0.163
    10      C                 -0.151
    11      C                 -0.052
    12      C                 -0.129
    13      C                 -0.198
    14      C                  0.343
    15      O                 -0.589
    16      O                 -0.612
    17      C                 -0.136
    18      C                  0.042
    19      O                 -0.191
    20      C                 -0.061
    21      C                  0.323
    22      O                 -0.564
    23      O                 -0.592
    24      C                 -0.073
    25      C                 -0.149
    26      O                 -0.317
    27      H                  0.095
    28      H                  0.110
    29      H                  0.143
    30      H                  0.117
    31      H                  0.112
    32      H                  0.128
    33      H                  0.095
    34      H                  0.134
    35      H                  0.109
    36      H                  0.103
    37      H                  0.207
 Total Mulliken Charge =      -3.000
 
                  X        Y        Z     TOTAL  
  QM DIPOLE   -49.315  -29.821   -1.389   57.647
 
 Final Structure

  QMMM: QM Region Cartesian Coordinates (*=link atom) 
  QMMM: QM_NO.   MM_NO.  ATOM         X         Y         Z
  QMMM:     1        1      O       -2.7533   -1.1140    0.1301
  QMMM:     2        2      C       -1.4850   -0.9717    0.0506
  QMMM:     3        3      C       -0.7247   -0.0113    0.7791
  QMMM:     4        4      C        0.6529    0.0774    0.6484
  QMMM:     5        5      C        1.3729   -0.7695   -0.1978
  QMMM:     6        6      C        2.8619   -0.7186   -0.3230
  QMMM:     7        7      O        3.2461    0.1826   -1.3897
  QMMM:     8        8      C        3.6507    1.4408   -1.0205
  QMMM:     9        9      C        3.8292    2.3886   -2.0352
  QMMM:    10       10      C        4.2770    3.6689   -1.7172
  QMMM:    11       11      C        4.5591    4.0365   -0.3945
  QMMM:    12       12      C        5.0214    5.3729   -0.0436
  QMMM:    13       13      C        5.3367    6.3534   -0.8997
  QMMM:    14       14      C        5.8038    7.7234   -0.4856
  QMMM:    15       15      O        5.8984    8.0281    0.7411
  QMMM:    16       16      O        6.0917    8.5492   -1.4092
  QMMM:    17       17      C        4.3838    3.0817    0.6237
  QMMM:    18       18      C        3.9307    1.7946    0.3161
  QMMM:    19       19      O        3.7087    0.9234    1.3580
  QMMM:    20       20      C        3.5920   -0.4646    0.9982
  QMMM:    21       21      C        4.9584   -1.1995    1.0967
  QMMM:    22       22      O        5.8183   -0.7778    1.9173
  QMMM:    23       23      O        5.1144   -2.2499    0.4063
  QMMM:    24       24      C        0.6622   -1.7277   -0.9494
  QMMM:    25       25      C       -0.7090   -1.8251   -0.8269
  QMMM:    26       26      O       -1.3761   -2.7895   -1.5816
  QMMM:    27       27      H       -1.2619    0.6668    1.4519
  QMMM:    28       28      H        1.2064    0.8332    1.2303
  QMMM:    29       29      H        3.2424   -1.7112   -0.7234
  QMMM:    30       30      H        3.6091    2.1099   -3.0735
  QMMM:    31       31      H        4.4062    4.4031   -2.5249
  QMMM:    32       32      H        5.1138    5.5702    1.0410
  QMMM:    33       33      H        5.2753    6.2196   -1.9908
  QMMM:    34       34      H        4.6053    3.3342    1.6695
  QMMM:    35       35      H        2.9551   -0.8677    1.8393
  QMMM:    36       36      H        1.2033   -2.3997   -1.6302
  QMMM:    37       37      H       -2.3122   -2.6839   -1.3509

           --------- Calculation Completed ----------

